2025-12-06 20:33:36 | INFO     | django.utils.autoreload | Watching for file changes with StatReloader
2025-12-06 20:33:36 | INFO     | django.server | "GET /api/api/dashboard-data/ HTTP/1.1" 200 2085
2025-12-06 20:33:37 | INFO     | django.server | "GET /api/api/dashboard-data/ HTTP/1.1" 200 2085
2025-12-06 20:33:38 | INFO     | django.server | "GET /api/api/dashboard-data/ HTTP/1.1" 200 2085
2025-12-06 20:33:39 | INFO     | django.server | "POST /api/iot-data/ HTTP/1.1" 201 56
2025-12-06 20:33:40 | INFO     | django.server | "GET /api/api/dashboard-data/ HTTP/1.1" 200 2085
2025-12-06 20:33:41 | INFO     | django.server | "GET /api/api/dashboard-data/ HTTP/1.1" 200 2085
2025-12-06 20:33:43 | INFO     | django.server | "GET /api/api/dashboard-data/ HTTP/1.1" 200 2085
2025-12-06 20:33:44 | INFO     | django.server | "POST /api/iot-data/ HTTP/1.1" 201 56
2025-12-06 20:33:44 | INFO     | django.server | "GET /api/api/dashboard-data/ HTTP/1.1" 200 2085
2025-12-06 20:33:46 | INFO     | django.server | "GET /api/api/dashboard-data/ HTTP/1.1" 200 2085
2025-12-06 20:33:47 | INFO     | django.server | "GET /api/api/dashboard-data/ HTTP/1.1" 200 2085
2025-12-06 20:33:49 | INFO     | django.server | "GET /api/api/dashboard-data/ HTTP/1.1" 200 2085
2025-12-06 20:33:49 | INFO     | django.server | "POST /api/iot-data/ HTTP/1.1" 201 56
2025-12-06 20:33:50 | INFO     | django.server | "GET /api/api/dashboard-data/ HTTP/1.1" 200 2085
2025-12-06 20:33:50 | INFO     | django.utils.autoreload | C:\Users\dridi\OneDrive\Desktop\horizon_connceté\nuit_info\nuit_info\settings.py changed, reloading.
2025-12-06 20:33:51 | INFO     | django.utils.autoreload | Watching for file changes with StatReloader
2025-12-06 20:33:52 | INFO     | django.server | "GET /api/api/dashboard-data/ HTTP/1.1" 200 2085
2025-12-06 20:33:53 | INFO     | django.server | "GET /api/api/dashboard-data/ HTTP/1.1" 200 2085
2025-12-06 20:33:54 | INFO     | django.server | "POST /api/iot-data/ HTTP/1.1" 201 56
2025-12-06 20:33:55 | INFO     | django.server | "GET /api/api/dashboard-data/ HTTP/1.1" 200 2085
2025-12-06 20:33:55 | INFO     | django.server | "HEAD /api/dashboard/ HTTP/1.1" 200 0
2025-12-06 20:33:56 | INFO     | django.server | "GET /api/api/dashboard-data/ HTTP/1.1" 200 2085
2025-12-06 20:33:58 | INFO     | django.server | "GET /api/api/dashboard-data/ HTTP/1.1" 200 2085
2025-12-06 20:33:59 | INFO     | django.server | "POST /api/iot-data/ HTTP/1.1" 201 56
2025-12-06 20:33:59 | INFO     | django.server | "GET /api/api/dashboard-data/ HTTP/1.1" 200 2085
2025-12-06 20:34:01 | INFO     | django.server | "GET /api/api/dashboard-data/ HTTP/1.1" 200 2085
2025-12-06 20:34:02 | INFO     | django.server | "GET /api/api/dashboard-data/ HTTP/1.1" 200 2085
2025-12-06 20:34:04 | INFO     | django.server | "GET /api/api/dashboard-data/ HTTP/1.1" 200 2085
2025-12-06 20:34:04 | INFO     | django.server | "POST /api/iot-data/ HTTP/1.1" 201 56
2025-12-06 20:34:05 | INFO     | django.server | "GET /api/api/dashboard-data/ HTTP/1.1" 200 2085
2025-12-06 20:34:07 | INFO     | django.server | "GET /api/api/dashboard-data/ HTTP/1.1" 200 2085
2025-12-06 20:34:08 | INFO     | django.server | "GET /api/api/dashboard-data/ HTTP/1.1" 200 2085
2025-12-06 20:34:09 | INFO     | django.server | "POST /api/iot-data/ HTTP/1.1" 201 56
2025-12-06 20:34:10 | INFO     | django.server | "GET /api/api/dashboard-data/ HTTP/1.1" 200 2083
2025-12-06 20:34:11 | INFO     | django.server | "GET /api/api/dashboard-data/ HTTP/1.1" 200 2083
2025-12-06 20:34:13 | INFO     | django.server | "GET /api/api/dashboard-data/ HTTP/1.1" 200 2083
2025-12-06 20:34:14 | INFO     | django.server | "POST /api/iot-data/ HTTP/1.1" 201 56
2025-12-06 20:34:14 | INFO     | django.server | "GET /api/api/dashboard-data/ HTTP/1.1" 200 2083
2025-12-06 20:34:16 | INFO     | django.server | "GET /api/api/dashboard-data/ HTTP/1.1" 200 2083
2025-12-06 20:34:17 | INFO     | django.server | "GET /api/api/dashboard-data/ HTTP/1.1" 200 2083
2025-12-06 20:34:19 | INFO     | django.server | "GET /api/api/dashboard-data/ HTTP/1.1" 200 2083
2025-12-06 20:34:19 | INFO     | django.server | "POST /api/iot-data/ HTTP/1.1" 201 56
2025-12-06 20:34:20 | INFO     | django.server | "GET /api/api/dashboard-data/ HTTP/1.1" 200 2081
2025-12-06 20:34:22 | INFO     | django.server | "GET /api/api/dashboard-data/ HTTP/1.1" 200 2081
2025-12-06 20:34:23 | INFO     | django.server | "GET /api/api/dashboard-data/ HTTP/1.1" 200 2081
2025-12-06 20:34:24 | INFO     | django.server | "POST /api/iot-data/ HTTP/1.1" 201 56
2025-12-06 20:34:25 | INFO     | django.server | "GET /api/api/dashboard-data/ HTTP/1.1" 200 2079
2025-12-06 20:34:26 | INFO     | django.server | "GET /api/api/dashboard-data/ HTTP/1.1" 200 2079
2025-12-06 20:34:28 | INFO     | django.server | "GET /api/api/dashboard-data/ HTTP/1.1" 200 2079
2025-12-06 20:34:29 | INFO     | django.server | "POST /api/iot-data/ HTTP/1.1" 201 56
2025-12-06 20:34:29 | INFO     | django.server | "GET /api/api/dashboard-data/ HTTP/1.1" 200 2079
2025-12-06 20:34:31 | INFO     | django.server | "GET /api/api/dashboard-data/ HTTP/1.1" 200 2079
2025-12-06 20:34:32 | INFO     | django.server | "GET /api/api/dashboard-data/ HTTP/1.1" 200 2079
2025-12-06 20:34:34 | INFO     | django.server | "GET /api/api/dashboard-data/ HTTP/1.1" 200 2079
2025-12-06 20:34:34 | INFO     | django.server | "POST /api/iot-data/ HTTP/1.1" 201 56
2025-12-06 20:34:35 | INFO     | django.server | "GET /api/api/dashboard-data/ HTTP/1.1" 200 2079
2025-12-06 20:34:37 | INFO     | django.server | "GET /api/api/dashboard-data/ HTTP/1.1" 200 2079
2025-12-06 20:34:38 | INFO     | django.server | "GET /api/api/dashboard-data/ HTTP/1.1" 200 2079
2025-12-06 20:34:39 | INFO     | django.server | "POST /api/iot-data/ HTTP/1.1" 201 56
2025-12-06 20:34:40 | INFO     | django.server | "GET /api/api/dashboard-data/ HTTP/1.1" 200 2079
2025-12-06 20:34:41 | INFO     | django.server | "GET /api/api/dashboard-data/ HTTP/1.1" 200 2079
2025-12-06 20:34:43 | INFO     | django.server | "GET /api/api/dashboard-data/ HTTP/1.1" 200 2079
2025-12-06 20:34:44 | INFO     | django.server | "POST /api/iot-data/ HTTP/1.1" 201 56
2025-12-06 20:34:44 | INFO     | django.server | "GET /api/api/dashboard-data/ HTTP/1.1" 200 2079
2025-12-06 20:34:46 | INFO     | django.server | "GET /api/api/dashboard-data/ HTTP/1.1" 200 2079
2025-12-06 20:34:47 | INFO     | django.server | "GET /api/api/dashboard-data/ HTTP/1.1" 200 2079
2025-12-06 20:34:49 | INFO     | django.server | "GET /api/api/dashboard-data/ HTTP/1.1" 200 2079
2025-12-06 20:34:49 | INFO     | django.server | "POST /api/iot-data/ HTTP/1.1" 201 56
2025-12-06 20:34:50 | INFO     | django.server | "GET /api/api/dashboard-data/ HTTP/1.1" 200 2077
2025-12-06 20:34:52 | INFO     | django.server | "GET /api/api/dashboard-data/ HTTP/1.1" 200 2077
2025-12-06 20:34:53 | INFO     | django.server | "GET /api/api/dashboard-data/ HTTP/1.1" 200 2077
2025-12-06 20:34:54 | INFO     | django.server | "POST /api/iot-data/ HTTP/1.1" 201 56
2025-12-06 20:34:55 | INFO     | django.server | "HEAD /api/dashboard/ HTTP/1.1" 200 0
2025-12-06 20:34:55 | INFO     | django.server | "GET /api/api/dashboard-data/ HTTP/1.1" 200 2077
2025-12-06 20:34:56 | INFO     | django.server | "GET /api/api/dashboard-data/ HTTP/1.1" 200 2077
2025-12-06 20:34:58 | INFO     | django.server | "GET /api/api/dashboard-data/ HTTP/1.1" 200 2077
2025-12-06 20:34:59 | INFO     | django.server | "GET /api/api/dashboard-data/ HTTP/1.1" 200 2077
2025-12-06 20:34:59 | INFO     | django.server | "POST /api/iot-data/ HTTP/1.1" 201 56
2025-12-06 20:35:01 | INFO     | django.server | "GET /api/api/dashboard-data/ HTTP/1.1" 200 2077
2025-12-06 20:35:02 | INFO     | django.server | "GET /api/api/dashboard-data/ HTTP/1.1" 200 2077
2025-12-06 20:35:03 | INFO     | django.server | "GET /api/dashboard/ HTTP/1.1" 200 59620
2025-12-06 20:35:04 | INFO     | django.server | "GET /static/css/dashboard.css HTTP/1.1" 304 0
2025-12-06 20:35:04 | INFO     | django.server | "GET /static/css/common.css HTTP/1.1" 304 0
2025-12-06 20:35:04 | INFO     | django.server | "GET /api/api/dashboard-data/ HTTP/1.1" 200 2077
2025-12-06 20:35:04 | INFO     | django.server | "POST /api/iot-data/ HTTP/1.1" 201 56
2025-12-06 20:35:05 | INFO     | django.server | "GET /api/api/dashboard-data/ HTTP/1.1" 200 2073
2025-12-06 20:35:05 | INFO     | django.server | "GET /api/hardware/ HTTP/1.1" 200 9067
2025-12-06 20:35:06 | INFO     | django.server | "GET /static/js/utils.js HTTP/1.1" 304 0
2025-12-06 20:35:06 | INFO     | django.server | "GET /static/js/hardware.js HTTP/1.1" 304 0
2025-12-06 20:35:07 | WARNING  | django.request | Not Found: /api/hardware-data/
2025-12-06 20:35:07 | WARNING  | django.server | "GET /api/hardware-data/ HTTP/1.1" 404 6646
2025-12-06 20:35:08 | INFO     | django.server | "GET /api/dashboard/ HTTP/1.1" 200 59620
2025-12-06 20:35:08 | INFO     | django.server | "GET /api/api/dashboard-data/ HTTP/1.1" 200 2073
2025-12-06 20:35:09 | INFO     | django.server | "POST /api/iot-data/ HTTP/1.1" 201 56
2025-12-06 20:35:10 | INFO     | django.server | "GET /api/api/dashboard-data/ HTTP/1.1" 200 2073
2025-12-06 20:35:11 | INFO     | django.server | "GET /api/api/dashboard-data/ HTTP/1.1" 200 2073
2025-12-06 20:35:13 | INFO     | django.server | "GET /api/api/dashboard-data/ HTTP/1.1" 200 2073
2025-12-06 20:35:14 | INFO     | django.server | "POST /api/iot-data/ HTTP/1.1" 201 56
2025-12-06 20:35:14 | INFO     | django.server | "GET /api/api/dashboard-data/ HTTP/1.1" 200 2073
2025-12-06 20:35:16 | INFO     | django.server | "GET /api/api/dashboard-data/ HTTP/1.1" 200 2073
2025-12-06 20:35:17 | INFO     | django.server | "GET /api/api/dashboard-data/ HTTP/1.1" 200 2073
2025-12-06 20:35:19 | INFO     | django.server | "GET /api/api/dashboard-data/ HTTP/1.1" 200 2073
2025-12-06 20:35:19 | INFO     | django.server | "POST /api/iot-data/ HTTP/1.1" 201 56
2025-12-06 20:35:20 | INFO     | django.server | "GET /api/api/dashboard-data/ HTTP/1.1" 200 2071
2025-12-06 20:35:22 | INFO     | django.server | "GET /api/api/dashboard-data/ HTTP/1.1" 200 2071
2025-12-06 20:35:23 | INFO     | django.server | "GET /api/api/dashboard-data/ HTTP/1.1" 200 2071
2025-12-06 20:35:24 | INFO     | django.server | "POST /api/iot-data/ HTTP/1.1" 201 56
2025-12-06 20:35:25 | INFO     | django.server | "GET /api/api/dashboard-data/ HTTP/1.1" 200 2069
2025-12-06 20:35:26 | INFO     | django.server | "GET /api/api/dashboard-data/ HTTP/1.1" 200 2069
2025-12-06 20:35:28 | INFO     | django.server | "GET /api/api/dashboard-data/ HTTP/1.1" 200 2069
2025-12-06 20:35:29 | INFO     | django.server | "POST /api/iot-data/ HTTP/1.1" 201 56
2025-12-06 20:35:29 | INFO     | django.server | "GET /api/api/dashboard-data/ HTTP/1.1" 200 2067
2025-12-06 20:35:31 | INFO     | django.server | "GET /api/api/dashboard-data/ HTTP/1.1" 200 2067
2025-12-06 20:35:32 | INFO     | django.server | "GET /api/api/dashboard-data/ HTTP/1.1" 200 2067
2025-12-06 20:35:34 | INFO     | django.server | "GET /api/api/dashboard-data/ HTTP/1.1" 200 2067
2025-12-06 20:35:34 | INFO     | django.server | "POST /api/iot-data/ HTTP/1.1" 201 56
2025-12-06 20:35:35 | INFO     | django.server | "GET /api/api/dashboard-data/ HTTP/1.1" 200 2065
2025-12-06 20:35:37 | INFO     | django.server | "GET /api/api/dashboard-data/ HTTP/1.1" 200 2065
2025-12-06 20:35:38 | INFO     | django.server | "GET /api/api/dashboard-data/ HTTP/1.1" 200 2065
2025-12-06 20:35:39 | INFO     | django.server | "POST /api/iot-data/ HTTP/1.1" 201 56
2025-12-06 20:35:40 | INFO     | django.server | "GET /api/api/dashboard-data/ HTTP/1.1" 200 2065
2025-12-06 20:35:41 | INFO     | django.server | "GET /api/api/dashboard-data/ HTTP/1.1" 200 2065
2025-12-06 20:35:43 | INFO     | django.server | "GET /api/api/dashboard-data/ HTTP/1.1" 200 2065
2025-12-06 20:35:44 | INFO     | django.server | "POST /api/iot-data/ HTTP/1.1" 201 56
2025-12-06 20:35:44 | INFO     | django.server | "GET /api/api/dashboard-data/ HTTP/1.1" 200 2063
2025-12-06 20:35:46 | INFO     | django.server | "GET /api/api/dashboard-data/ HTTP/1.1" 200 2063
2025-12-06 20:35:47 | INFO     | django.server | "GET /api/api/dashboard-data/ HTTP/1.1" 200 2063
2025-12-06 20:35:49 | INFO     | django.server | "GET /api/api/dashboard-data/ HTTP/1.1" 200 2063
2025-12-06 20:35:49 | INFO     | django.server | "POST /api/iot-data/ HTTP/1.1" 201 56
2025-12-06 20:35:50 | INFO     | django.server | "GET /api/api/dashboard-data/ HTTP/1.1" 200 2061
2025-12-06 20:35:52 | INFO     | django.server | "GET /api/api/dashboard-data/ HTTP/1.1" 200 2061
2025-12-06 20:35:53 | INFO     | django.server | "GET /api/api/dashboard-data/ HTTP/1.1" 200 2061
2025-12-06 20:35:54 | INFO     | django.server | "POST /api/iot-data/ HTTP/1.1" 201 56
2025-12-06 20:35:55 | INFO     | django.server | "GET /api/api/dashboard-data/ HTTP/1.1" 200 2061
2025-12-06 20:35:56 | INFO     | django.server | "GET /api/api/dashboard-data/ HTTP/1.1" 200 2061
2025-12-06 20:35:58 | INFO     | django.server | "GET /api/api/dashboard-data/ HTTP/1.1" 200 2061
2025-12-06 20:35:59 | INFO     | django.server | "POST /api/iot-data/ HTTP/1.1" 201 56
2025-12-06 20:35:59 | INFO     | django.server | "GET /api/api/dashboard-data/ HTTP/1.1" 200 2059
2025-12-06 20:36:01 | INFO     | django.server | "GET /api/api/dashboard-data/ HTTP/1.1" 200 2059
2025-12-06 20:36:02 | INFO     | django.server | "GET /api/api/dashboard-data/ HTTP/1.1" 200 2059
2025-12-06 20:36:04 | INFO     | django.server | "GET /api/api/dashboard-data/ HTTP/1.1" 200 2059
2025-12-06 20:36:04 | INFO     | django.server | "POST /api/iot-data/ HTTP/1.1" 201 56
2025-12-06 20:36:05 | INFO     | django.server | "GET /api/api/dashboard-data/ HTTP/1.1" 200 2059
2025-12-06 20:36:07 | INFO     | django.server | "GET /api/api/dashboard-data/ HTTP/1.1" 200 2059
2025-12-06 20:36:08 | INFO     | django.server | "GET /api/api/dashboard-data/ HTTP/1.1" 200 2059
2025-12-06 20:36:08 | INFO     | django.server | "HEAD /api/dashboard/ HTTP/1.1" 200 0
2025-12-06 20:36:09 | INFO     | django.server | "POST /api/iot-data/ HTTP/1.1" 201 56
2025-12-06 20:36:10 | INFO     | django.server | "GET /api/api/dashboard-data/ HTTP/1.1" 200 2059
2025-12-06 20:36:11 | INFO     | django.server | "GET /api/api/dashboard-data/ HTTP/1.1" 200 2059
2025-12-06 20:36:13 | INFO     | django.server | "GET /api/api/dashboard-data/ HTTP/1.1" 200 2059
2025-12-06 20:36:14 | INFO     | django.server | "POST /api/iot-data/ HTTP/1.1" 201 56
2025-12-06 20:36:14 | INFO     | django.server | "GET /api/api/dashboard-data/ HTTP/1.1" 200 2059
2025-12-06 20:36:16 | INFO     | django.server | "GET /api/api/dashboard-data/ HTTP/1.1" 200 2059
2025-12-06 20:36:17 | INFO     | django.server | "GET /api/api/dashboard-data/ HTTP/1.1" 200 2059
2025-12-06 20:36:19 | INFO     | django.server | "GET /api/api/dashboard-data/ HTTP/1.1" 200 2059
2025-12-06 20:36:19 | INFO     | django.server | "POST /api/iot-data/ HTTP/1.1" 201 56
2025-12-06 20:36:20 | INFO     | django.server | "GET /api/api/dashboard-data/ HTTP/1.1" 200 2059
2025-12-06 20:36:22 | INFO     | django.server | "GET /api/api/dashboard-data/ HTTP/1.1" 200 2059
2025-12-06 20:36:23 | INFO     | django.server | "GET /api/api/dashboard-data/ HTTP/1.1" 200 2059
2025-12-06 20:36:24 | INFO     | django.server | "POST /api/iot-data/ HTTP/1.1" 201 56
2025-12-06 20:36:25 | INFO     | django.server | "GET /api/api/dashboard-data/ HTTP/1.1" 200 2059
2025-12-06 20:36:26 | INFO     | django.server | "GET /api/api/dashboard-data/ HTTP/1.1" 200 2059
2025-12-06 20:36:28 | INFO     | django.server | "GET /api/api/dashboard-data/ HTTP/1.1" 200 2059
2025-12-06 20:36:29 | INFO     | django.server | "POST /api/iot-data/ HTTP/1.1" 201 56
2025-12-06 20:36:29 | INFO     | django.server | "GET /api/api/dashboard-data/ HTTP/1.1" 200 2059
2025-12-06 20:36:31 | INFO     | django.server | "GET /api/api/dashboard-data/ HTTP/1.1" 200 2059
2025-12-06 20:36:32 | INFO     | django.server | "GET /api/api/dashboard-data/ HTTP/1.1" 200 2059
2025-12-06 20:36:34 | INFO     | django.server | "GET /api/api/dashboard-data/ HTTP/1.1" 200 2059
2025-12-06 20:36:34 | INFO     | django.server | "POST /api/iot-data/ HTTP/1.1" 201 56
2025-12-06 20:36:35 | INFO     | django.server | "GET /api/api/dashboard-data/ HTTP/1.1" 200 2059
2025-12-06 20:36:37 | INFO     | django.server | "GET /api/api/dashboard-data/ HTTP/1.1" 200 2059
2025-12-06 20:36:38 | INFO     | django.server | "GET /api/api/dashboard-data/ HTTP/1.1" 200 2059
2025-12-06 20:36:39 | INFO     | django.server | "POST /api/iot-data/ HTTP/1.1" 201 56
2025-12-06 20:36:40 | INFO     | django.server | "GET /api/api/dashboard-data/ HTTP/1.1" 200 2059
2025-12-06 20:36:41 | INFO     | django.server | "GET /api/api/dashboard-data/ HTTP/1.1" 200 2059
2025-12-06 20:36:43 | INFO     | django.server | "GET /api/api/dashboard-data/ HTTP/1.1" 200 2059
2025-12-06 20:36:44 | INFO     | django.server | "POST /api/iot-data/ HTTP/1.1" 201 56
2025-12-06 20:36:44 | INFO     | django.server | "GET /api/api/dashboard-data/ HTTP/1.1" 200 2059
2025-12-06 20:36:46 | INFO     | django.server | "GET /api/api/dashboard-data/ HTTP/1.1" 200 2059
2025-12-06 20:36:47 | INFO     | django.server | "GET /api/api/dashboard-data/ HTTP/1.1" 200 2059
2025-12-06 20:36:49 | INFO     | django.server | "GET /api/api/dashboard-data/ HTTP/1.1" 200 2059
2025-12-06 20:36:49 | INFO     | django.server | "POST /api/iot-data/ HTTP/1.1" 201 56
2025-12-06 20:36:50 | INFO     | django.server | "GET /api/api/dashboard-data/ HTTP/1.1" 200 2059
2025-12-06 20:36:52 | INFO     | django.server | "GET /api/api/dashboard-data/ HTTP/1.1" 200 2059
2025-12-06 20:36:53 | INFO     | django.server | "GET /api/api/dashboard-data/ HTTP/1.1" 200 2059
2025-12-06 20:36:54 | INFO     | django.server | "POST /api/iot-data/ HTTP/1.1" 201 56
2025-12-06 20:36:55 | INFO     | django.server | "GET /api/api/dashboard-data/ HTTP/1.1" 200 2057
2025-12-06 20:36:56 | INFO     | django.server | "GET /api/api/dashboard-data/ HTTP/1.1" 200 2057
2025-12-06 20:36:58 | INFO     | django.server | "GET /api/api/dashboard-data/ HTTP/1.1" 200 2057
2025-12-06 20:36:59 | INFO     | django.server | "POST /api/iot-data/ HTTP/1.1" 201 56
2025-12-06 20:36:59 | INFO     | django.server | "GET /api/api/dashboard-data/ HTTP/1.1" 200 2057
2025-12-06 20:37:01 | INFO     | django.server | "GET /api/api/dashboard-data/ HTTP/1.1" 200 2057
2025-12-06 20:37:02 | INFO     | django.server | "GET /api/api/dashboard-data/ HTTP/1.1" 200 2057
2025-12-06 20:37:04 | INFO     | django.server | "GET /api/api/dashboard-data/ HTTP/1.1" 200 2057
2025-12-06 20:37:04 | INFO     | django.server | "POST /api/iot-data/ HTTP/1.1" 201 56
2025-12-06 20:37:05 | INFO     | django.server | "GET /api/api/dashboard-data/ HTTP/1.1" 200 2057
2025-12-06 20:37:07 | INFO     | django.server | "GET /api/api/dashboard-data/ HTTP/1.1" 200 2057
2025-12-06 20:37:08 | INFO     | django.server | "GET /api/api/dashboard-data/ HTTP/1.1" 200 2057
2025-12-06 20:37:08 | INFO     | django.server | "HEAD /api/dashboard/ HTTP/1.1" 200 0
2025-12-06 20:37:09 | INFO     | django.server | "POST /api/iot-data/ HTTP/1.1" 201 56
2025-12-06 20:37:10 | INFO     | django.server | "GET /api/api/dashboard-data/ HTTP/1.1" 200 2057
2025-12-06 20:37:11 | INFO     | django.server | "GET /api/api/dashboard-data/ HTTP/1.1" 200 2057
2025-12-06 20:37:13 | INFO     | django.server | "GET /api/network/ HTTP/1.1" 200 8380
2025-12-06 20:37:13 | INFO     | django.server | "GET /static/js/network.js HTTP/1.1" 304 0
2025-12-06 20:37:14 | WARNING  | django.request | Not Found: /api/network-data/
2025-12-06 20:37:14 | WARNING  | django.server | "GET /api/network-data/ HTTP/1.1" 404 6643
2025-12-06 20:37:14 | INFO     | django.server | "POST /api/iot-data/ HTTP/1.1" 201 56
2025-12-06 20:37:15 | INFO     | django.server | "GET /api/network/ HTTP/1.1" 200 8380
2025-12-06 20:37:17 | WARNING  | django.request | Not Found: /api/network-data/
2025-12-06 20:37:17 | WARNING  | django.server | "GET /api/network-data/ HTTP/1.1" 404 6643
2025-12-06 20:37:18 | WARNING  | django.request | Not Found: /api/network-data/
2025-12-06 20:37:18 | WARNING  | django.server | "GET /api/network-data/ HTTP/1.1" 404 6643
2025-12-06 20:37:19 | INFO     | django.server | "POST /api/iot-data/ HTTP/1.1" 201 56
2025-12-06 20:37:20 | WARNING  | django.request | Not Found: /api/network-data/
2025-12-06 20:37:20 | WARNING  | django.server | "GET /api/network-data/ HTTP/1.1" 404 6643
2025-12-06 20:37:21 | WARNING  | django.request | Not Found: /api/network-data/
2025-12-06 20:37:21 | WARNING  | django.server | "GET /api/network-data/ HTTP/1.1" 404 6643
2025-12-06 20:37:23 | WARNING  | django.request | Not Found: /api/network-data/
2025-12-06 20:37:23 | WARNING  | django.server | "GET /api/network-data/ HTTP/1.1" 404 6643
2025-12-06 20:37:24 | INFO     | django.server | "POST /api/iot-data/ HTTP/1.1" 201 56
2025-12-06 20:37:24 | WARNING  | django.request | Not Found: /api/network-data/
2025-12-06 20:37:24 | WARNING  | django.server | "GET /api/network-data/ HTTP/1.1" 404 6643
2025-12-06 20:37:26 | WARNING  | django.request | Not Found: /api/network-data/
2025-12-06 20:37:26 | WARNING  | django.server | "GET /api/network-data/ HTTP/1.1" 404 6643
2025-12-06 20:37:27 | WARNING  | django.request | Not Found: /api/network-data/
2025-12-06 20:37:27 | WARNING  | django.server | "GET /api/network-data/ HTTP/1.1" 404 6643
2025-12-06 20:37:29 | WARNING  | django.request | Not Found: /api/network-data/
2025-12-06 20:37:29 | WARNING  | django.server | "GET /api/network-data/ HTTP/1.1" 404 6643
2025-12-06 20:37:29 | INFO     | django.server | "POST /api/iot-data/ HTTP/1.1" 201 56
2025-12-06 20:37:30 | WARNING  | django.request | Not Found: /api/network-data/
2025-12-06 20:37:30 | WARNING  | django.server | "GET /api/network-data/ HTTP/1.1" 404 6643
2025-12-06 20:37:32 | WARNING  | django.request | Not Found: /api/network-data/
2025-12-06 20:37:32 | WARNING  | django.server | "GET /api/network-data/ HTTP/1.1" 404 6643
2025-12-06 20:37:33 | WARNING  | django.request | Not Found: /api/network-data/
2025-12-06 20:37:33 | WARNING  | django.server | "GET /api/network-data/ HTTP/1.1" 404 6643
2025-12-06 20:37:34 | INFO     | django.server | "POST /api/iot-data/ HTTP/1.1" 201 56
2025-12-06 20:37:35 | WARNING  | django.request | Not Found: /api/network-data/
2025-12-06 20:37:35 | WARNING  | django.server | "GET /api/network-data/ HTTP/1.1" 404 6643
2025-12-06 20:37:36 | WARNING  | django.request | Not Found: /api/network-data/
2025-12-06 20:37:36 | WARNING  | django.server | "GET /api/network-data/ HTTP/1.1" 404 6643
2025-12-06 20:37:38 | WARNING  | django.request | Not Found: /api/network-data/
2025-12-06 20:37:38 | WARNING  | django.server | "GET /api/network-data/ HTTP/1.1" 404 6643
2025-12-06 20:37:39 | INFO     | django.server | "POST /api/iot-data/ HTTP/1.1" 201 56
2025-12-06 20:37:39 | WARNING  | django.request | Not Found: /api/network-data/
2025-12-06 20:37:39 | WARNING  | django.server | "GET /api/network-data/ HTTP/1.1" 404 6643
2025-12-06 20:37:41 | WARNING  | django.request | Not Found: /api/network-data/
2025-12-06 20:37:41 | WARNING  | django.server | "GET /api/network-data/ HTTP/1.1" 404 6643
2025-12-06 20:37:42 | WARNING  | django.request | Not Found: /api/network-data/
2025-12-06 20:37:42 | WARNING  | django.server | "GET /api/network-data/ HTTP/1.1" 404 6643
2025-12-06 20:37:44 | WARNING  | django.request | Not Found: /api/network-data/
2025-12-06 20:37:44 | WARNING  | django.server | "GET /api/network-data/ HTTP/1.1" 404 6643
2025-12-06 20:37:44 | INFO     | django.server | "POST /api/iot-data/ HTTP/1.1" 201 56
2025-12-06 20:37:45 | WARNING  | django.request | Not Found: /api/network-data/
2025-12-06 20:37:45 | WARNING  | django.server | "GET /api/network-data/ HTTP/1.1" 404 6643
2025-12-06 20:37:47 | WARNING  | django.request | Not Found: /api/network-data/
2025-12-06 20:37:47 | WARNING  | django.server | "GET /api/network-data/ HTTP/1.1" 404 6643
2025-12-06 20:37:48 | WARNING  | django.request | Not Found: /api/network-data/
2025-12-06 20:37:48 | WARNING  | django.server | "GET /api/network-data/ HTTP/1.1" 404 6643
2025-12-06 20:37:49 | INFO     | django.server | "POST /api/iot-data/ HTTP/1.1" 201 56
2025-12-06 20:37:50 | WARNING  | django.request | Not Found: /api/network-data/
2025-12-06 20:37:50 | WARNING  | django.server | "GET /api/network-data/ HTTP/1.1" 404 6643
2025-12-06 20:37:51 | WARNING  | django.request | Not Found: /api/network-data/
2025-12-06 20:37:51 | WARNING  | django.server | "GET /api/network-data/ HTTP/1.1" 404 6643
2025-12-06 20:37:53 | WARNING  | django.request | Not Found: /api/network-data/
2025-12-06 20:37:53 | WARNING  | django.server | "GET /api/network-data/ HTTP/1.1" 404 6643
2025-12-06 20:37:54 | INFO     | django.server | "POST /api/iot-data/ HTTP/1.1" 201 56
2025-12-06 20:37:54 | WARNING  | django.request | Not Found: /api/network-data/
2025-12-06 20:37:54 | WARNING  | django.server | "GET /api/network-data/ HTTP/1.1" 404 6643
2025-12-06 20:37:56 | WARNING  | django.request | Not Found: /api/network-data/
2025-12-06 20:37:56 | WARNING  | django.server | "GET /api/network-data/ HTTP/1.1" 404 6643
2025-12-06 20:37:57 | WARNING  | django.request | Not Found: /api/network-data/
2025-12-06 20:37:57 | WARNING  | django.server | "GET /api/network-data/ HTTP/1.1" 404 6643
2025-12-06 20:37:59 | WARNING  | django.request | Not Found: /api/network-data/
2025-12-06 20:37:59 | WARNING  | django.server | "GET /api/network-data/ HTTP/1.1" 404 6643
2025-12-06 20:37:59 | INFO     | django.server | "POST /api/iot-data/ HTTP/1.1" 201 56
2025-12-06 20:38:00 | WARNING  | django.request | Not Found: /api/network-data/
2025-12-06 20:38:00 | WARNING  | django.server | "GET /api/network-data/ HTTP/1.1" 404 6643
2025-12-06 20:38:02 | WARNING  | django.request | Not Found: /api/network-data/
2025-12-06 20:38:02 | WARNING  | django.server | "GET /api/network-data/ HTTP/1.1" 404 6643
2025-12-06 20:38:03 | WARNING  | django.request | Not Found: /api/network-data/
2025-12-06 20:38:03 | WARNING  | django.server | "GET /api/network-data/ HTTP/1.1" 404 6643
2025-12-06 20:38:04 | INFO     | django.server | "POST /api/iot-data/ HTTP/1.1" 201 56
2025-12-06 20:38:05 | WARNING  | django.request | Not Found: /api/network-data/
2025-12-06 20:38:05 | WARNING  | django.server | "GET /api/network-data/ HTTP/1.1" 404 6643
2025-12-06 20:38:06 | WARNING  | django.request | Not Found: /api/network-data/
2025-12-06 20:38:06 | WARNING  | django.server | "GET /api/network-data/ HTTP/1.1" 404 6643
2025-12-06 20:38:08 | WARNING  | django.request | Not Found: /api/network-data/
2025-12-06 20:38:08 | WARNING  | django.server | "GET /api/network-data/ HTTP/1.1" 404 6643
2025-12-06 20:38:09 | INFO     | django.server | "POST /api/iot-data/ HTTP/1.1" 201 56
2025-12-06 20:38:09 | WARNING  | django.request | Not Found: /api/network-data/
2025-12-06 20:38:09 | WARNING  | django.server | "GET /api/network-data/ HTTP/1.1" 404 6643
2025-12-06 20:38:11 | WARNING  | django.request | Not Found: /api/network-data/
2025-12-06 20:38:11 | WARNING  | django.server | "GET /api/network-data/ HTTP/1.1" 404 6643
2025-12-06 20:38:12 | WARNING  | django.request | Not Found: /api/network-data/
2025-12-06 20:38:12 | WARNING  | django.server | "GET /api/network-data/ HTTP/1.1" 404 6643
2025-12-06 20:38:14 | WARNING  | django.request | Not Found: /api/network-data/
2025-12-06 20:38:14 | WARNING  | django.server | "GET /api/network-data/ HTTP/1.1" 404 6643
2025-12-06 20:38:14 | INFO     | django.server | "POST /api/iot-data/ HTTP/1.1" 201 56
2025-12-06 20:38:15 | WARNING  | django.request | Not Found: /api/network-data/
2025-12-06 20:38:15 | WARNING  | django.server | "GET /api/network-data/ HTTP/1.1" 404 6643
2025-12-06 20:38:17 | WARNING  | django.request | Not Found: /api/network-data/
2025-12-06 20:38:17 | WARNING  | django.server | "GET /api/network-data/ HTTP/1.1" 404 6643
2025-12-06 20:38:18 | WARNING  | django.request | Not Found: /api/network-data/
2025-12-06 20:38:18 | WARNING  | django.server | "GET /api/network-data/ HTTP/1.1" 404 6643
2025-12-06 20:38:19 | INFO     | django.server | "POST /api/iot-data/ HTTP/1.1" 201 56
2025-12-06 20:38:20 | WARNING  | django.request | Not Found: /api/network-data/
2025-12-06 20:38:20 | WARNING  | django.server | "GET /api/network-data/ HTTP/1.1" 404 6643
2025-12-06 20:38:21 | WARNING  | django.request | Not Found: /api/network-data/
2025-12-06 20:38:21 | WARNING  | django.server | "GET /api/network-data/ HTTP/1.1" 404 6643
2025-12-06 20:38:23 | WARNING  | django.request | Not Found: /api/network-data/
2025-12-06 20:38:23 | WARNING  | django.server | "GET /api/network-data/ HTTP/1.1" 404 6643
2025-12-06 20:38:24 | INFO     | django.server | "POST /api/iot-data/ HTTP/1.1" 201 56
2025-12-06 20:38:24 | WARNING  | django.request | Not Found: /api/network-data/
2025-12-06 20:38:24 | WARNING  | django.server | "GET /api/network-data/ HTTP/1.1" 404 6643
2025-12-06 20:38:26 | WARNING  | django.request | Not Found: /api/network-data/
2025-12-06 20:38:26 | WARNING  | django.server | "GET /api/network-data/ HTTP/1.1" 404 6643
2025-12-06 20:38:27 | WARNING  | django.request | Not Found: /api/network-data/
2025-12-06 20:38:27 | WARNING  | django.server | "GET /api/network-data/ HTTP/1.1" 404 6643
2025-12-06 20:38:29 | WARNING  | django.request | Not Found: /api/network-data/
2025-12-06 20:38:29 | WARNING  | django.server | "GET /api/network-data/ HTTP/1.1" 404 6643
2025-12-06 20:38:29 | INFO     | django.server | "POST /api/iot-data/ HTTP/1.1" 201 56
2025-12-06 20:38:30 | WARNING  | django.request | Not Found: /api/network-data/
2025-12-06 20:38:30 | WARNING  | django.server | "GET /api/network-data/ HTTP/1.1" 404 6643
2025-12-06 20:38:32 | WARNING  | django.request | Not Found: /api/network-data/
2025-12-06 20:38:32 | WARNING  | django.server | "GET /api/network-data/ HTTP/1.1" 404 6643
2025-12-06 20:38:33 | WARNING  | django.request | Not Found: /api/network-data/
2025-12-06 20:38:33 | WARNING  | django.server | "GET /api/network-data/ HTTP/1.1" 404 6643
2025-12-06 20:38:34 | INFO     | django.server | "POST /api/iot-data/ HTTP/1.1" 201 56
2025-12-06 20:38:35 | WARNING  | django.request | Not Found: /api/network-data/
2025-12-06 20:38:35 | WARNING  | django.server | "GET /api/network-data/ HTTP/1.1" 404 6643
2025-12-06 20:38:36 | WARNING  | django.request | Not Found: /api/network-data/
2025-12-06 20:38:36 | WARNING  | django.server | "GET /api/network-data/ HTTP/1.1" 404 6643
2025-12-06 20:38:38 | WARNING  | django.request | Not Found: /api/network-data/
2025-12-06 20:38:38 | WARNING  | django.server | "GET /api/network-data/ HTTP/1.1" 404 6643
2025-12-06 20:38:39 | WARNING  | django.request | Not Found: /api/network-data/
2025-12-06 20:38:39 | WARNING  | django.server | "GET /api/network-data/ HTTP/1.1" 404 6643
2025-12-06 20:38:39 | INFO     | django.server | "POST /api/iot-data/ HTTP/1.1" 201 56
2025-12-06 20:38:41 | WARNING  | django.request | Not Found: /api/network-data/
2025-12-06 20:38:41 | WARNING  | django.server | "GET /api/network-data/ HTTP/1.1" 404 6643
2025-12-06 20:38:42 | WARNING  | django.request | Not Found: /api/network-data/
2025-12-06 20:38:42 | WARNING  | django.server | "GET /api/network-data/ HTTP/1.1" 404 6643
2025-12-06 20:38:44 | WARNING  | django.request | Not Found: /api/network-data/
2025-12-06 20:38:44 | WARNING  | django.server | "GET /api/network-data/ HTTP/1.1" 404 6643
2025-12-06 20:38:44 | INFO     | django.server | "POST /api/iot-data/ HTTP/1.1" 201 56
2025-12-06 20:38:45 | WARNING  | django.request | Not Found: /api/network-data/
2025-12-06 20:38:45 | WARNING  | django.server | "GET /api/network-data/ HTTP/1.1" 404 6643
2025-12-06 20:38:47 | WARNING  | django.request | Not Found: /api/network-data/
2025-12-06 20:38:47 | WARNING  | django.server | "GET /api/network-data/ HTTP/1.1" 404 6643
2025-12-06 20:38:48 | WARNING  | django.request | Not Found: /api/network-data/
2025-12-06 20:38:48 | WARNING  | django.server | "GET /api/network-data/ HTTP/1.1" 404 6643
2025-12-06 20:38:49 | INFO     | django.server | "POST /api/iot-data/ HTTP/1.1" 201 56
2025-12-06 20:38:50 | WARNING  | django.request | Not Found: /api/network-data/
2025-12-06 20:38:50 | WARNING  | django.server | "GET /api/network-data/ HTTP/1.1" 404 6643
2025-12-06 20:38:51 | WARNING  | django.request | Not Found: /api/network-data/
2025-12-06 20:38:51 | WARNING  | django.server | "GET /api/network-data/ HTTP/1.1" 404 6643
2025-12-06 20:38:53 | WARNING  | django.request | Not Found: /api/network-data/
2025-12-06 20:38:53 | WARNING  | django.server | "GET /api/network-data/ HTTP/1.1" 404 6643
2025-12-06 20:38:54 | WARNING  | django.request | Not Found: /api/network-data/
2025-12-06 20:38:54 | WARNING  | django.server | "GET /api/network-data/ HTTP/1.1" 404 6643
2025-12-06 20:38:54 | INFO     | django.server | "POST /api/iot-data/ HTTP/1.1" 201 56
2025-12-06 20:38:56 | WARNING  | django.request | Not Found: /api/network-data/
2025-12-06 20:38:56 | WARNING  | django.server | "GET /api/network-data/ HTTP/1.1" 404 6643
2025-12-06 20:38:57 | WARNING  | django.request | Not Found: /api/network-data/
2025-12-06 20:38:57 | WARNING  | django.server | "GET /api/network-data/ HTTP/1.1" 404 6643
2025-12-06 20:38:59 | WARNING  | django.request | Not Found: /api/network-data/
2025-12-06 20:38:59 | WARNING  | django.server | "GET /api/network-data/ HTTP/1.1" 404 6643
2025-12-06 20:38:59 | INFO     | django.server | "POST /api/iot-data/ HTTP/1.1" 201 56
2025-12-06 20:39:00 | WARNING  | django.request | Not Found: /api/network-data/
2025-12-06 20:39:00 | WARNING  | django.server | "GET /api/network-data/ HTTP/1.1" 404 6643
2025-12-06 20:39:02 | WARNING  | django.request | Not Found: /api/network-data/
2025-12-06 20:39:02 | WARNING  | django.server | "GET /api/network-data/ HTTP/1.1" 404 6643
2025-12-06 20:39:03 | WARNING  | django.request | Not Found: /api/network-data/
2025-12-06 20:39:03 | WARNING  | django.server | "GET /api/network-data/ HTTP/1.1" 404 6643
2025-12-06 20:39:04 | INFO     | django.server | "POST /api/iot-data/ HTTP/1.1" 201 56
2025-12-06 20:39:05 | WARNING  | django.request | Not Found: /api/network-data/
2025-12-06 20:39:05 | WARNING  | django.server | "GET /api/network-data/ HTTP/1.1" 404 6643
2025-12-06 20:39:06 | WARNING  | django.request | Not Found: /api/network-data/
2025-12-06 20:39:06 | WARNING  | django.server | "GET /api/network-data/ HTTP/1.1" 404 6643
2025-12-06 20:39:08 | WARNING  | django.request | Not Found: /api/network-data/
2025-12-06 20:39:08 | WARNING  | django.server | "GET /api/network-data/ HTTP/1.1" 404 6643
2025-12-06 20:39:09 | WARNING  | django.request | Not Found: /api/network-data/
2025-12-06 20:39:09 | WARNING  | django.server | "GET /api/network-data/ HTTP/1.1" 404 6643
2025-12-06 20:39:09 | INFO     | django.server | "POST /api/iot-data/ HTTP/1.1" 201 56
2025-12-06 20:39:11 | WARNING  | django.request | Not Found: /api/network-data/
2025-12-06 20:39:11 | WARNING  | django.server | "GET /api/network-data/ HTTP/1.1" 404 6643
2025-12-06 20:39:12 | WARNING  | django.request | Not Found: /api/network-data/
2025-12-06 20:39:12 | WARNING  | django.server | "GET /api/network-data/ HTTP/1.1" 404 6643
2025-12-06 20:39:14 | WARNING  | django.request | Not Found: /api/network-data/
2025-12-06 20:39:14 | WARNING  | django.server | "GET /api/network-data/ HTTP/1.1" 404 6643
2025-12-06 20:39:14 | INFO     | django.server | "POST /api/iot-data/ HTTP/1.1" 201 56
2025-12-06 20:39:15 | WARNING  | django.request | Not Found: /api/network-data/
2025-12-06 20:39:15 | WARNING  | django.server | "GET /api/network-data/ HTTP/1.1" 404 6643
2025-12-06 20:39:17 | WARNING  | django.request | Not Found: /api/network-data/
2025-12-06 20:39:17 | WARNING  | django.server | "GET /api/network-data/ HTTP/1.1" 404 6643
2025-12-06 20:39:18 | WARNING  | django.request | Not Found: /api/network-data/
2025-12-06 20:39:18 | WARNING  | django.server | "GET /api/network-data/ HTTP/1.1" 404 6643
2025-12-06 20:39:19 | INFO     | django.server | "POST /api/iot-data/ HTTP/1.1" 201 56
2025-12-06 20:39:20 | WARNING  | django.request | Not Found: /api/network-data/
2025-12-06 20:39:20 | WARNING  | django.server | "GET /api/network-data/ HTTP/1.1" 404 6643
2025-12-06 20:39:21 | WARNING  | django.request | Not Found: /api/network-data/
2025-12-06 20:39:21 | WARNING  | django.server | "GET /api/network-data/ HTTP/1.1" 404 6643
2025-12-06 20:39:23 | WARNING  | django.request | Not Found: /api/network-data/
2025-12-06 20:39:23 | WARNING  | django.server | "GET /api/network-data/ HTTP/1.1" 404 6643
2025-12-06 20:39:24 | WARNING  | django.request | Not Found: /api/network-data/
2025-12-06 20:39:24 | WARNING  | django.server | "GET /api/network-data/ HTTP/1.1" 404 6643
2025-12-06 20:39:24 | INFO     | django.server | "POST /api/iot-data/ HTTP/1.1" 201 56
2025-12-06 20:39:26 | WARNING  | django.request | Not Found: /api/network-data/
2025-12-06 20:39:26 | WARNING  | django.server | "GET /api/network-data/ HTTP/1.1" 404 6643
2025-12-06 20:39:27 | WARNING  | django.request | Not Found: /api/network-data/
2025-12-06 20:39:27 | WARNING  | django.server | "GET /api/network-data/ HTTP/1.1" 404 6643
2025-12-06 20:39:29 | WARNING  | django.request | Not Found: /api/network-data/
2025-12-06 20:39:29 | WARNING  | django.server | "GET /api/network-data/ HTTP/1.1" 404 6643
2025-12-06 20:39:29 | INFO     | django.server | "POST /api/iot-data/ HTTP/1.1" 201 56
2025-12-06 20:39:30 | WARNING  | django.request | Not Found: /api/network-data/
2025-12-06 20:39:30 | WARNING  | django.server | "GET /api/network-data/ HTTP/1.1" 404 6643
2025-12-06 20:39:32 | WARNING  | django.request | Not Found: /api/network-data/
2025-12-06 20:39:32 | WARNING  | django.server | "GET /api/network-data/ HTTP/1.1" 404 6643
2025-12-06 20:39:33 | WARNING  | django.request | Not Found: /api/network-data/
2025-12-06 20:39:33 | WARNING  | django.server | "GET /api/network-data/ HTTP/1.1" 404 6643
2025-12-06 20:39:34 | INFO     | django.server | "POST /api/iot-data/ HTTP/1.1" 201 56
2025-12-06 20:39:35 | WARNING  | django.request | Not Found: /api/network-data/
2025-12-06 20:39:35 | WARNING  | django.server | "GET /api/network-data/ HTTP/1.1" 404 6643
2025-12-06 20:39:36 | WARNING  | django.request | Not Found: /api/network-data/
2025-12-06 20:39:36 | WARNING  | django.server | "GET /api/network-data/ HTTP/1.1" 404 6643
2025-12-06 20:39:38 | WARNING  | django.request | Not Found: /api/network-data/
2025-12-06 20:39:38 | WARNING  | django.server | "GET /api/network-data/ HTTP/1.1" 404 6643
2025-12-06 20:39:39 | WARNING  | django.request | Not Found: /api/network-data/
2025-12-06 20:39:39 | WARNING  | django.server | "GET /api/network-data/ HTTP/1.1" 404 6643
2025-12-06 20:39:39 | INFO     | django.server | "POST /api/iot-data/ HTTP/1.1" 201 56
2025-12-06 20:39:41 | WARNING  | django.request | Not Found: /api/network-data/
2025-12-06 20:39:41 | WARNING  | django.server | "GET /api/network-data/ HTTP/1.1" 404 6643
2025-12-06 20:39:42 | WARNING  | django.request | Not Found: /api/network-data/
2025-12-06 20:39:42 | WARNING  | django.server | "GET /api/network-data/ HTTP/1.1" 404 6643
2025-12-06 20:39:44 | WARNING  | django.request | Not Found: /api/network-data/
2025-12-06 20:39:44 | WARNING  | django.server | "GET /api/network-data/ HTTP/1.1" 404 6643
2025-12-06 20:39:44 | INFO     | django.server | "POST /api/iot-data/ HTTP/1.1" 201 56
2025-12-06 20:39:45 | WARNING  | django.request | Not Found: /api/network-data/
2025-12-06 20:39:45 | WARNING  | django.server | "GET /api/network-data/ HTTP/1.1" 404 6643
2025-12-06 20:39:47 | WARNING  | django.request | Not Found: /api/network-data/
2025-12-06 20:39:47 | WARNING  | django.server | "GET /api/network-data/ HTTP/1.1" 404 6643
2025-12-06 20:39:48 | WARNING  | django.request | Not Found: /api/network-data/
2025-12-06 20:39:48 | WARNING  | django.server | "GET /api/network-data/ HTTP/1.1" 404 6643
2025-12-06 20:39:49 | INFO     | django.server | "POST /api/iot-data/ HTTP/1.1" 201 56
2025-12-06 20:39:50 | WARNING  | django.request | Not Found: /api/network-data/
2025-12-06 20:39:50 | WARNING  | django.server | "GET /api/network-data/ HTTP/1.1" 404 6643
2025-12-06 20:39:51 | WARNING  | django.request | Not Found: /api/network-data/
2025-12-06 20:39:51 | WARNING  | django.server | "GET /api/network-data/ HTTP/1.1" 404 6643
2025-12-06 20:39:53 | WARNING  | django.request | Not Found: /api/network-data/
2025-12-06 20:39:53 | WARNING  | django.server | "GET /api/network-data/ HTTP/1.1" 404 6643
2025-12-06 20:39:54 | WARNING  | django.request | Not Found: /api/network-data/
2025-12-06 20:39:54 | WARNING  | django.server | "GET /api/network-data/ HTTP/1.1" 404 6643
2025-12-06 20:39:54 | INFO     | django.server | "POST /api/iot-data/ HTTP/1.1" 201 56
2025-12-06 20:39:56 | WARNING  | django.request | Not Found: /api/network-data/
2025-12-06 20:39:56 | WARNING  | django.server | "GET /api/network-data/ HTTP/1.1" 404 6643
2025-12-06 20:39:57 | WARNING  | django.request | Not Found: /api/network-data/
2025-12-06 20:39:57 | WARNING  | django.server | "GET /api/network-data/ HTTP/1.1" 404 6643
2025-12-06 20:39:59 | WARNING  | django.request | Not Found: /api/network-data/
2025-12-06 20:39:59 | WARNING  | django.server | "GET /api/network-data/ HTTP/1.1" 404 6643
2025-12-06 20:39:59 | INFO     | django.server | "POST /api/iot-data/ HTTP/1.1" 201 56
2025-12-06 20:40:00 | WARNING  | django.request | Not Found: /api/network-data/
2025-12-06 20:40:00 | WARNING  | django.server | "GET /api/network-data/ HTTP/1.1" 404 6643
2025-12-06 20:40:02 | WARNING  | django.request | Not Found: /api/network-data/
2025-12-06 20:40:02 | WARNING  | django.server | "GET /api/network-data/ HTTP/1.1" 404 6643
2025-12-06 20:40:03 | WARNING  | django.request | Not Found: /api/network-data/
2025-12-06 20:40:03 | WARNING  | django.server | "GET /api/network-data/ HTTP/1.1" 404 6643
2025-12-06 20:40:04 | INFO     | django.server | "POST /api/iot-data/ HTTP/1.1" 201 56
2025-12-06 20:40:05 | WARNING  | django.request | Not Found: /api/network-data/
2025-12-06 20:40:05 | WARNING  | django.server | "GET /api/network-data/ HTTP/1.1" 404 6643
2025-12-06 20:40:06 | WARNING  | django.request | Not Found: /api/network-data/
2025-12-06 20:40:06 | WARNING  | django.server | "GET /api/network-data/ HTTP/1.1" 404 6643
2025-12-06 20:40:08 | WARNING  | django.request | Not Found: /api/network-data/
2025-12-06 20:40:08 | WARNING  | django.server | "GET /api/network-data/ HTTP/1.1" 404 6643
2025-12-06 20:40:09 | WARNING  | django.request | Not Found: /api/network-data/
2025-12-06 20:40:09 | WARNING  | django.server | "GET /api/network-data/ HTTP/1.1" 404 6643
2025-12-06 20:40:10 | INFO     | django.server | "POST /api/iot-data/ HTTP/1.1" 201 56
2025-12-06 20:40:11 | WARNING  | django.request | Not Found: /api/network-data/
2025-12-06 20:40:11 | WARNING  | django.server | "GET /api/network-data/ HTTP/1.1" 404 6643
2025-12-06 20:40:12 | WARNING  | django.request | Not Found: /api/network-data/
2025-12-06 20:40:12 | WARNING  | django.server | "GET /api/network-data/ HTTP/1.1" 404 6643
2025-12-06 20:40:14 | WARNING  | django.request | Not Found: /api/network-data/
2025-12-06 20:40:14 | WARNING  | django.server | "GET /api/network-data/ HTTP/1.1" 404 6643
2025-12-06 20:40:15 | INFO     | django.server | "POST /api/iot-data/ HTTP/1.1" 201 56
2025-12-06 20:40:15 | WARNING  | django.request | Not Found: /api/network-data/
2025-12-06 20:40:15 | WARNING  | django.server | "GET /api/network-data/ HTTP/1.1" 404 6643
2025-12-06 20:40:17 | WARNING  | django.request | Not Found: /api/network-data/
2025-12-06 20:40:17 | WARNING  | django.server | "GET /api/network-data/ HTTP/1.1" 404 6643
2025-12-06 20:40:18 | WARNING  | django.request | Not Found: /api/network-data/
2025-12-06 20:40:18 | WARNING  | django.server | "GET /api/network-data/ HTTP/1.1" 404 6643
2025-12-06 20:40:20 | INFO     | django.server | "POST /api/iot-data/ HTTP/1.1" 201 56
2025-12-06 20:40:20 | WARNING  | django.request | Not Found: /api/network-data/
2025-12-06 20:40:20 | WARNING  | django.server | "GET /api/network-data/ HTTP/1.1" 404 6643
2025-12-06 20:40:21 | WARNING  | django.request | Not Found: /api/network-data/
2025-12-06 20:40:21 | WARNING  | django.server | "GET /api/network-data/ HTTP/1.1" 404 6643
2025-12-06 20:40:23 | WARNING  | django.request | Not Found: /api/network-data/
2025-12-06 20:40:23 | WARNING  | django.server | "GET /api/network-data/ HTTP/1.1" 404 6643
2025-12-06 20:40:24 | WARNING  | django.request | Not Found: /api/network-data/
2025-12-06 20:40:24 | WARNING  | django.server | "GET /api/network-data/ HTTP/1.1" 404 6643
2025-12-06 20:40:25 | INFO     | django.server | "POST /api/iot-data/ HTTP/1.1" 201 56
2025-12-06 20:40:26 | WARNING  | django.request | Not Found: /api/network-data/
2025-12-06 20:40:26 | WARNING  | django.server | "GET /api/network-data/ HTTP/1.1" 404 6643
2025-12-06 20:40:27 | WARNING  | django.request | Not Found: /api/network-data/
2025-12-06 20:40:27 | WARNING  | django.server | "GET /api/network-data/ HTTP/1.1" 404 6643
2025-12-06 20:40:29 | WARNING  | django.request | Not Found: /api/network-data/
2025-12-06 20:40:29 | WARNING  | django.server | "GET /api/network-data/ HTTP/1.1" 404 6643
2025-12-06 20:40:30 | INFO     | django.server | "POST /api/iot-data/ HTTP/1.1" 201 56
2025-12-06 20:40:30 | WARNING  | django.request | Not Found: /api/network-data/
2025-12-06 20:40:30 | WARNING  | django.server | "GET /api/network-data/ HTTP/1.1" 404 6643
2025-12-06 20:40:32 | WARNING  | django.request | Not Found: /api/network-data/
2025-12-06 20:40:32 | WARNING  | django.server | "GET /api/network-data/ HTTP/1.1" 404 6643
2025-12-06 20:40:33 | WARNING  | django.request | Not Found: /api/network-data/
2025-12-06 20:40:33 | WARNING  | django.server | "GET /api/network-data/ HTTP/1.1" 404 6643
2025-12-06 20:40:35 | INFO     | django.server | "POST /api/iot-data/ HTTP/1.1" 201 56
2025-12-06 20:40:35 | WARNING  | django.request | Not Found: /api/network-data/
2025-12-06 20:40:35 | WARNING  | django.server | "GET /api/network-data/ HTTP/1.1" 404 6643
2025-12-06 20:40:36 | WARNING  | django.request | Not Found: /api/network-data/
2025-12-06 20:40:36 | WARNING  | django.server | "GET /api/network-data/ HTTP/1.1" 404 6643
2025-12-06 20:40:38 | WARNING  | django.request | Not Found: /api/network-data/
2025-12-06 20:40:38 | WARNING  | django.server | "GET /api/network-data/ HTTP/1.1" 404 6643
2025-12-06 20:40:39 | WARNING  | django.request | Not Found: /api/network-data/
2025-12-06 20:40:39 | WARNING  | django.server | "GET /api/network-data/ HTTP/1.1" 404 6643
2025-12-06 20:40:40 | INFO     | django.server | "POST /api/iot-data/ HTTP/1.1" 201 56
2025-12-06 20:40:41 | WARNING  | django.request | Not Found: /api/network-data/
2025-12-06 20:40:41 | WARNING  | django.server | "GET /api/network-data/ HTTP/1.1" 404 6643
2025-12-06 20:40:42 | WARNING  | django.request | Not Found: /api/network-data/
2025-12-06 20:40:42 | WARNING  | django.server | "GET /api/network-data/ HTTP/1.1" 404 6643
2025-12-06 20:40:44 | WARNING  | django.request | Not Found: /api/network-data/
2025-12-06 20:40:44 | WARNING  | django.server | "GET /api/network-data/ HTTP/1.1" 404 6643
2025-12-06 20:40:45 | INFO     | django.server | "POST /api/iot-data/ HTTP/1.1" 201 56
2025-12-06 20:40:45 | WARNING  | django.request | Not Found: /api/network-data/
2025-12-06 20:40:45 | WARNING  | django.server | "GET /api/network-data/ HTTP/1.1" 404 6643
2025-12-06 20:40:47 | WARNING  | django.request | Not Found: /api/network-data/
2025-12-06 20:40:47 | WARNING  | django.server | "GET /api/network-data/ HTTP/1.1" 404 6643
2025-12-06 20:40:48 | WARNING  | django.request | Not Found: /api/network-data/
2025-12-06 20:40:48 | WARNING  | django.server | "GET /api/network-data/ HTTP/1.1" 404 6643
2025-12-06 20:40:50 | INFO     | django.server | "POST /api/iot-data/ HTTP/1.1" 201 56
2025-12-06 20:40:50 | WARNING  | django.request | Not Found: /api/network-data/
2025-12-06 20:40:50 | WARNING  | django.server | "GET /api/network-data/ HTTP/1.1" 404 6643
2025-12-06 20:40:51 | WARNING  | django.request | Not Found: /api/network-data/
2025-12-06 20:40:51 | WARNING  | django.server | "GET /api/network-data/ HTTP/1.1" 404 6643
2025-12-06 20:40:53 | WARNING  | django.request | Not Found: /api/network-data/
2025-12-06 20:40:53 | WARNING  | django.server | "GET /api/network-data/ HTTP/1.1" 404 6643
2025-12-06 20:40:54 | WARNING  | django.request | Not Found: /api/network-data/
2025-12-06 20:40:54 | WARNING  | django.server | "GET /api/network-data/ HTTP/1.1" 404 6643
2025-12-06 20:40:55 | INFO     | django.server | "POST /api/iot-data/ HTTP/1.1" 201 56
2025-12-06 20:40:56 | WARNING  | django.request | Not Found: /api/network-data/
2025-12-06 20:40:56 | WARNING  | django.server | "GET /api/network-data/ HTTP/1.1" 404 6643
2025-12-06 20:40:57 | WARNING  | django.request | Not Found: /api/network-data/
2025-12-06 20:40:57 | WARNING  | django.server | "GET /api/network-data/ HTTP/1.1" 404 6643
2025-12-06 20:40:59 | WARNING  | django.request | Not Found: /api/network-data/
2025-12-06 20:40:59 | WARNING  | django.server | "GET /api/network-data/ HTTP/1.1" 404 6643
2025-12-06 20:41:00 | INFO     | django.server | "POST /api/iot-data/ HTTP/1.1" 201 56
2025-12-06 20:41:00 | WARNING  | django.request | Not Found: /api/network-data/
2025-12-06 20:41:00 | WARNING  | django.server | "GET /api/network-data/ HTTP/1.1" 404 6643
2025-12-06 20:41:02 | WARNING  | django.request | Not Found: /api/network-data/
2025-12-06 20:41:02 | WARNING  | django.server | "GET /api/network-data/ HTTP/1.1" 404 6643
2025-12-06 20:41:03 | WARNING  | django.request | Not Found: /api/network-data/
2025-12-06 20:41:03 | WARNING  | django.server | "GET /api/network-data/ HTTP/1.1" 404 6643
2025-12-06 20:41:05 | INFO     | django.server | "POST /api/iot-data/ HTTP/1.1" 201 56
2025-12-06 20:41:05 | WARNING  | django.request | Not Found: /api/network-data/
2025-12-06 20:41:05 | WARNING  | django.server | "GET /api/network-data/ HTTP/1.1" 404 6643
2025-12-06 20:41:06 | WARNING  | django.request | Not Found: /api/network-data/
2025-12-06 20:41:06 | WARNING  | django.server | "GET /api/network-data/ HTTP/1.1" 404 6643
2025-12-06 20:41:08 | WARNING  | django.request | Not Found: /api/network-data/
2025-12-06 20:41:08 | WARNING  | django.server | "GET /api/network-data/ HTTP/1.1" 404 6643
2025-12-06 20:41:09 | WARNING  | django.request | Not Found: /api/network-data/
2025-12-06 20:41:09 | WARNING  | django.server | "GET /api/network-data/ HTTP/1.1" 404 6643
2025-12-06 20:41:10 | INFO     | django.server | "POST /api/iot-data/ HTTP/1.1" 201 56
2025-12-06 20:41:11 | WARNING  | django.request | Not Found: /api/network-data/
2025-12-06 20:41:11 | WARNING  | django.server | "GET /api/network-data/ HTTP/1.1" 404 6643
2025-12-06 20:41:12 | WARNING  | django.request | Not Found: /api/network-data/
2025-12-06 20:41:12 | WARNING  | django.server | "GET /api/network-data/ HTTP/1.1" 404 6643
2025-12-06 20:41:13 | INFO     | django.server | "GET /api/network/ HTTP/1.1" 200 8380
2025-12-06 20:41:13 | INFO     | django.server | "GET /static/css/common.css HTTP/1.1" 304 0
2025-12-06 20:41:13 | INFO     | django.server | "GET /static/js/network.js HTTP/1.1" 304 0
2025-12-06 20:41:15 | INFO     | django.server | "POST /api/iot-data/ HTTP/1.1" 201 56
2025-12-06 20:41:15 | WARNING  | django.request | Not Found: /api/network-data/
2025-12-06 20:41:15 | WARNING  | django.server | "GET /api/network-data/ HTTP/1.1" 404 6643
2025-12-06 20:41:16 | WARNING  | django.request | Not Found: /api/network-data/
2025-12-06 20:41:16 | WARNING  | django.server | "GET /api/network-data/ HTTP/1.1" 404 6643
2025-12-06 20:41:18 | WARNING  | django.request | Not Found: /api/network-data/
2025-12-06 20:41:18 | WARNING  | django.server | "GET /api/network-data/ HTTP/1.1" 404 6643
2025-12-06 20:41:19 | WARNING  | django.request | Not Found: /api/network-data/
2025-12-06 20:41:19 | WARNING  | django.server | "GET /api/network-data/ HTTP/1.1" 404 6643
2025-12-06 20:41:20 | INFO     | django.server | "POST /api/iot-data/ HTTP/1.1" 201 56
2025-12-06 20:41:21 | WARNING  | django.request | Not Found: /api/network-data/
2025-12-06 20:41:21 | WARNING  | django.server | "GET /api/network-data/ HTTP/1.1" 404 6643
2025-12-06 20:41:22 | WARNING  | django.request | Not Found: /api/network-data/
2025-12-06 20:41:22 | WARNING  | django.server | "GET /api/network-data/ HTTP/1.1" 404 6643
2025-12-06 20:41:24 | WARNING  | django.request | Not Found: /api/network-data/
2025-12-06 20:41:24 | WARNING  | django.server | "GET /api/network-data/ HTTP/1.1" 404 6643
2025-12-06 20:41:25 | INFO     | django.server | "GET /api/dashboard/ HTTP/1.1" 200 59620
2025-12-06 20:41:25 | INFO     | django.server | "POST /api/iot-data/ HTTP/1.1" 201 56
2025-12-06 20:41:25 | INFO     | django.server | "GET /static/css/dashboard.css HTTP/1.1" 304 0
2025-12-06 20:41:25 | INFO     | django.server | "GET /api/api/dashboard-data/ HTTP/1.1" 200 2069
2025-12-06 20:41:26 | INFO     | django.server | "GET /api/api/dashboard-data/ HTTP/1.1" 200 2069
2025-12-06 20:41:28 | INFO     | django.server | "GET /api/api/dashboard-data/ HTTP/1.1" 200 2069
2025-12-06 20:41:29 | INFO     | django.server | "GET /api/api/dashboard-data/ HTTP/1.1" 200 2069
2025-12-06 20:41:30 | INFO     | django.server | "POST /api/iot-data/ HTTP/1.1" 201 56
2025-12-06 20:41:31 | INFO     | django.server | "GET /api/api/dashboard-data/ HTTP/1.1" 200 2067
2025-12-06 20:41:32 | INFO     | django.server | "GET /api/api/dashboard-data/ HTTP/1.1" 200 2067
2025-12-06 20:41:33 | INFO     | django.server | "GET /api/hardware/ HTTP/1.1" 200 9061
2025-12-06 20:41:33 | INFO     | django.server | "GET /static/js/hardware.js HTTP/1.1" 304 0
2025-12-06 20:41:34 | WARNING  | django.request | Not Found: /api/hardware-data/
2025-12-06 20:41:34 | WARNING  | django.server | "GET /api/hardware-data/ HTTP/1.1" 404 6646
2025-12-06 20:41:35 | INFO     | django.server | "POST /api/iot-data/ HTTP/1.1" 201 56
2025-12-06 20:41:36 | WARNING  | django.request | Not Found: /api/hardware-data/
2025-12-06 20:41:36 | WARNING  | django.server | "GET /api/hardware-data/ HTTP/1.1" 404 6646
2025-12-06 20:41:36 | INFO     | django.server | "GET /api/dashboard/ HTTP/1.1" 200 59620
2025-12-06 20:41:36 | INFO     | django.server | "GET /api/api/dashboard-data/ HTTP/1.1" 200 2063
2025-12-06 20:41:37 | INFO     | django.server | "GET /api/logout/ HTTP/1.1" 302 0
2025-12-06 20:41:37 | INFO     | django.server | "GET /api/login/ HTTP/1.1" 200 29711
2025-12-06 20:41:40 | INFO     | django.server | "POST /api/iot-data/ HTTP/1.1" 201 56
2025-12-06 20:41:45 | INFO     | django.server | "POST /api/iot-data/ HTTP/1.1" 201 56
2025-12-06 20:41:45 | INFO     | django.server | "GET /api/hardware/ HTTP/1.1" 302 0
2025-12-06 20:41:45 | INFO     | django.server | "GET /api/login/?next=/api/hardware/ HTTP/1.1" 200 28746
2025-12-06 20:41:50 | INFO     | django.server | "POST /api/iot-data/ HTTP/1.1" 201 56
2025-12-06 20:41:53 | INFO     | django.server | "POST /api/login/ HTTP/1.1" 302 0
2025-12-06 20:41:53 | INFO     | django.server | "GET /api/dashboard/ HTTP/1.1" 200 60985
2025-12-06 20:41:53 | INFO     | django.server | "GET /api/api/dashboard-data/ HTTP/1.1" 200 2053
2025-12-06 20:41:54 | INFO     | django.server | "GET /api/api/dashboard-data/ HTTP/1.1" 200 2053
2025-12-06 20:41:55 | INFO     | django.server | "POST /api/iot-data/ HTTP/1.1" 201 56
2025-12-06 20:41:56 | INFO     | django.server | "GET /api/api/dashboard-data/ HTTP/1.1" 200 2053
2025-12-06 20:41:57 | INFO     | django.server | "GET /api/api/dashboard-data/ HTTP/1.1" 200 2053
2025-12-06 20:41:59 | INFO     | django.server | "GET /api/api/dashboard-data/ HTTP/1.1" 200 2053
2025-12-06 20:42:00 | INFO     | django.server | "POST /api/iot-data/ HTTP/1.1" 201 56
2025-12-06 20:42:00 | INFO     | django.server | "GET /api/api/dashboard-data/ HTTP/1.1" 200 2051
2025-12-06 20:42:02 | INFO     | django.server | "GET /api/api/dashboard-data/ HTTP/1.1" 200 2051
2025-12-06 20:42:03 | INFO     | django.server | "GET /api/api/dashboard-data/ HTTP/1.1" 200 2051
2025-12-06 20:42:05 | INFO     | django.server | "POST /api/iot-data/ HTTP/1.1" 201 56
2025-12-06 20:42:05 | INFO     | django.server | "GET /api/api/dashboard-data/ HTTP/1.1" 200 2053
2025-12-06 20:42:06 | INFO     | django.server | "GET /api/api/dashboard-data/ HTTP/1.1" 200 2053
2025-12-06 20:42:08 | INFO     | django.server | "GET /api/api/dashboard-data/ HTTP/1.1" 200 2053
2025-12-06 20:42:09 | INFO     | django.server | "GET /api/api/dashboard-data/ HTTP/1.1" 200 2053
2025-12-06 20:42:10 | INFO     | django.server | "POST /api/iot-data/ HTTP/1.1" 201 56
2025-12-06 20:42:11 | INFO     | django.server | "GET /api/api/dashboard-data/ HTTP/1.1" 200 2055
2025-12-06 20:42:12 | INFO     | django.server | "GET /api/api/dashboard-data/ HTTP/1.1" 200 2055
2025-12-06 20:42:14 | INFO     | django.server | "GET /api/api/dashboard-data/ HTTP/1.1" 200 2055
2025-12-06 20:42:15 | INFO     | django.server | "POST /api/iot-data/ HTTP/1.1" 201 56
2025-12-06 20:42:15 | INFO     | django.server | "GET /api/api/dashboard-data/ HTTP/1.1" 200 2057
2025-12-06 20:42:17 | INFO     | django.server | "GET /api/api/dashboard-data/ HTTP/1.1" 200 2057
2025-12-06 20:42:18 | INFO     | django.server | "GET /api/api/dashboard-data/ HTTP/1.1" 200 2057
2025-12-06 20:42:20 | INFO     | django.server | "POST /api/iot-data/ HTTP/1.1" 201 56
2025-12-06 20:42:20 | INFO     | django.server | "GET /api/api/dashboard-data/ HTTP/1.1" 200 2059
2025-12-06 20:42:21 | INFO     | django.server | "GET /api/api/dashboard-data/ HTTP/1.1" 200 2059
2025-12-06 20:42:23 | INFO     | django.server | "GET /api/api/dashboard-data/ HTTP/1.1" 200 2059
2025-12-06 20:42:24 | INFO     | django.server | "GET /api/api/dashboard-data/ HTTP/1.1" 200 2059
2025-12-06 20:42:25 | INFO     | django.server | "POST /api/iot-data/ HTTP/1.1" 201 56
2025-12-06 20:42:26 | INFO     | django.server | "GET /api/api/dashboard-data/ HTTP/1.1" 200 2063
2025-12-06 20:42:27 | INFO     | django.server | "GET /api/api/dashboard-data/ HTTP/1.1" 200 2063
2025-12-06 20:42:29 | INFO     | django.server | "GET /api/api/dashboard-data/ HTTP/1.1" 200 2063
2025-12-06 20:42:30 | INFO     | django.server | "POST /api/iot-data/ HTTP/1.1" 201 56
2025-12-06 20:42:30 | INFO     | django.server | "GET /api/api/dashboard-data/ HTTP/1.1" 200 2067
2025-12-06 20:42:32 | INFO     | django.server | "GET /api/api/dashboard-data/ HTTP/1.1" 200 2067
2025-12-06 20:42:33 | INFO     | django.server | "GET /api/api/dashboard-data/ HTTP/1.1" 200 2067
2025-12-06 20:42:35 | INFO     | django.server | "POST /api/iot-data/ HTTP/1.1" 201 56
2025-12-06 20:42:35 | INFO     | django.server | "GET /api/api/dashboard-data/ HTTP/1.1" 200 2071
2025-12-06 20:42:36 | INFO     | django.server | "GET /api/api/dashboard-data/ HTTP/1.1" 200 2071
2025-12-06 20:42:38 | INFO     | django.server | "GET /api/api/dashboard-data/ HTTP/1.1" 200 2071
2025-12-06 20:42:39 | INFO     | django.server | "GET /api/api/dashboard-data/ HTTP/1.1" 200 2071
2025-12-06 20:42:40 | INFO     | django.server | "POST /api/iot-data/ HTTP/1.1" 201 56
2025-12-06 20:42:41 | INFO     | django.server | "GET /api/api/dashboard-data/ HTTP/1.1" 200 2073
2025-12-06 20:42:42 | INFO     | django.server | "GET /api/api/dashboard-data/ HTTP/1.1" 200 2073
2025-12-06 20:42:44 | INFO     | django.server | "GET /api/api/dashboard-data/ HTTP/1.1" 200 2073
2025-12-06 20:42:45 | INFO     | django.server | "POST /api/iot-data/ HTTP/1.1" 201 56
2025-12-06 20:42:45 | INFO     | django.server | "GET /api/api/dashboard-data/ HTTP/1.1" 200 2075
2025-12-06 20:42:47 | INFO     | django.server | "GET /api/api/dashboard-data/ HTTP/1.1" 200 2075
2025-12-06 20:42:48 | INFO     | django.server | "GET /api/api/dashboard-data/ HTTP/1.1" 200 2075
2025-12-06 20:42:50 | INFO     | django.server | "POST /api/iot-data/ HTTP/1.1" 201 56
2025-12-06 20:42:50 | INFO     | django.server | "GET /api/api/dashboard-data/ HTTP/1.1" 200 2077
2025-12-06 20:42:51 | INFO     | django.server | "GET /api/api/dashboard-data/ HTTP/1.1" 200 2077
2025-12-06 20:42:53 | INFO     | django.server | "GET /api/api/dashboard-data/ HTTP/1.1" 200 2077
2025-12-06 20:42:53 | INFO     | django.server | "HEAD /api/dashboard/ HTTP/1.1" 200 0
2025-12-06 20:42:54 | INFO     | django.server | "GET /api/api/dashboard-data/ HTTP/1.1" 200 2077
2025-12-06 20:42:55 | INFO     | django.server | "POST /api/iot-data/ HTTP/1.1" 201 56
2025-12-06 20:42:56 | INFO     | django.server | "GET /api/api/dashboard-data/ HTTP/1.1" 200 2077
2025-12-06 20:42:57 | INFO     | django.server | "GET /api/api/dashboard-data/ HTTP/1.1" 200 2077
2025-12-06 20:42:59 | INFO     | django.server | "GET /api/api/dashboard-data/ HTTP/1.1" 200 2077
2025-12-06 20:43:00 | INFO     | django.server | "POST /api/iot-data/ HTTP/1.1" 201 56
2025-12-06 20:43:00 | INFO     | django.server | "GET /api/api/dashboard-data/ HTTP/1.1" 200 2077
2025-12-06 20:43:02 | INFO     | django.server | "GET /api/api/dashboard-data/ HTTP/1.1" 200 2077
2025-12-06 20:43:03 | INFO     | django.server | "GET /api/api/dashboard-data/ HTTP/1.1" 200 2077
2025-12-06 20:43:05 | INFO     | django.server | "POST /api/iot-data/ HTTP/1.1" 201 56
2025-12-06 20:43:05 | INFO     | django.server | "GET /api/api/dashboard-data/ HTTP/1.1" 200 2077
2025-12-06 20:43:06 | INFO     | django.server | "GET /api/api/dashboard-data/ HTTP/1.1" 200 2077
2025-12-06 20:43:08 | INFO     | django.server | "GET /api/api/dashboard-data/ HTTP/1.1" 200 2077
2025-12-06 20:43:09 | INFO     | django.server | "GET /api/api/dashboard-data/ HTTP/1.1" 200 2077
2025-12-06 20:43:10 | INFO     | django.server | "POST /api/iot-data/ HTTP/1.1" 201 56
2025-12-06 20:43:11 | INFO     | django.server | "GET /api/api/dashboard-data/ HTTP/1.1" 200 2077
2025-12-06 20:43:12 | INFO     | django.server | "GET /api/api/dashboard-data/ HTTP/1.1" 200 2077
2025-12-06 20:43:14 | INFO     | django.server | "GET /api/api/dashboard-data/ HTTP/1.1" 200 2077
2025-12-06 20:43:15 | INFO     | django.server | "POST /api/iot-data/ HTTP/1.1" 201 56
2025-12-06 20:43:15 | INFO     | django.server | "GET /api/api/dashboard-data/ HTTP/1.1" 200 2077
2025-12-06 20:43:17 | INFO     | django.server | "GET /api/api/dashboard-data/ HTTP/1.1" 200 2077
2025-12-06 20:43:18 | INFO     | django.server | "GET /api/api/dashboard-data/ HTTP/1.1" 200 2077
2025-12-06 20:43:20 | INFO     | django.server | "POST /api/iot-data/ HTTP/1.1" 201 56
2025-12-06 20:43:20 | INFO     | django.server | "GET /api/api/dashboard-data/ HTTP/1.1" 200 2077
2025-12-06 20:43:21 | INFO     | django.server | "GET /api/api/dashboard-data/ HTTP/1.1" 200 2077
2025-12-06 20:43:23 | INFO     | django.server | "GET /api/api/dashboard-data/ HTTP/1.1" 200 2077
2025-12-06 20:43:24 | INFO     | django.server | "GET /api/api/dashboard-data/ HTTP/1.1" 200 2077
2025-12-06 20:43:25 | INFO     | django.server | "POST /api/iot-data/ HTTP/1.1" 201 56
2025-12-06 20:43:26 | INFO     | django.server | "GET /api/api/dashboard-data/ HTTP/1.1" 200 2075
2025-12-06 20:43:27 | INFO     | django.server | "GET /api/api/dashboard-data/ HTTP/1.1" 200 2075
2025-12-06 20:43:29 | INFO     | django.server | "GET /api/api/dashboard-data/ HTTP/1.1" 200 2075
2025-12-06 20:43:30 | INFO     | django.server | "POST /api/iot-data/ HTTP/1.1" 201 56
2025-12-06 20:43:30 | INFO     | django.server | "GET /api/api/dashboard-data/ HTTP/1.1" 200 2073
2025-12-06 20:43:32 | INFO     | django.server | "GET /api/api/dashboard-data/ HTTP/1.1" 200 2073
2025-12-06 20:43:33 | INFO     | django.server | "GET /api/api/dashboard-data/ HTTP/1.1" 200 2073
2025-12-06 20:43:35 | INFO     | django.server | "POST /api/iot-data/ HTTP/1.1" 201 56
2025-12-06 20:43:35 | INFO     | django.server | "GET /api/api/dashboard-data/ HTTP/1.1" 200 2071
2025-12-06 20:43:36 | INFO     | django.server | "GET /api/api/dashboard-data/ HTTP/1.1" 200 2071
2025-12-06 20:43:38 | INFO     | django.server | "GET /api/api/dashboard-data/ HTTP/1.1" 200 2071
2025-12-06 20:43:39 | INFO     | django.server | "GET /api/api/dashboard-data/ HTTP/1.1" 200 2071
2025-12-06 20:43:40 | INFO     | django.server | "POST /api/iot-data/ HTTP/1.1" 201 56
2025-12-06 20:43:41 | INFO     | django.server | "GET /api/api/dashboard-data/ HTTP/1.1" 200 2071
2025-12-06 20:43:42 | INFO     | django.server | "GET /api/api/dashboard-data/ HTTP/1.1" 200 2071
2025-12-06 20:43:44 | INFO     | django.server | "GET /api/api/dashboard-data/ HTTP/1.1" 200 2071
2025-12-06 20:43:45 | INFO     | django.server | "POST /api/iot-data/ HTTP/1.1" 201 56
2025-12-06 20:43:45 | INFO     | django.server | "GET /api/api/dashboard-data/ HTTP/1.1" 200 2069
2025-12-06 20:43:47 | INFO     | django.server | "GET /api/api/dashboard-data/ HTTP/1.1" 200 2069
2025-12-06 20:43:48 | INFO     | django.server | "GET /api/api/dashboard-data/ HTTP/1.1" 200 2069
2025-12-06 20:43:50 | INFO     | django.server | "POST /api/iot-data/ HTTP/1.1" 201 56
2025-12-06 20:43:50 | INFO     | django.server | "GET /api/api/dashboard-data/ HTTP/1.1" 200 2067
2025-12-06 20:43:51 | INFO     | django.server | "GET /api/api/dashboard-data/ HTTP/1.1" 200 2067
2025-12-06 20:43:53 | INFO     | django.server | "GET /api/api/dashboard-data/ HTTP/1.1" 200 2067
2025-12-06 20:43:53 | INFO     | django.server | "HEAD /api/dashboard/ HTTP/1.1" 200 0
2025-12-06 20:43:54 | INFO     | django.server | "GET /api/api/dashboard-data/ HTTP/1.1" 200 2067
2025-12-06 20:43:55 | INFO     | django.server | "POST /api/iot-data/ HTTP/1.1" 201 56
2025-12-06 20:43:56 | INFO     | django.server | "GET /api/api/dashboard-data/ HTTP/1.1" 200 2063
2025-12-06 20:43:57 | INFO     | django.server | "GET /api/api/dashboard-data/ HTTP/1.1" 200 2063
2025-12-06 20:43:59 | INFO     | django.server | "GET /api/api/dashboard-data/ HTTP/1.1" 200 2063
2025-12-06 20:44:00 | INFO     | django.server | "POST /api/iot-data/ HTTP/1.1" 201 56
2025-12-06 20:44:00 | INFO     | django.server | "GET /api/api/dashboard-data/ HTTP/1.1" 200 2059
2025-12-06 20:44:02 | INFO     | django.server | "GET /api/api/dashboard-data/ HTTP/1.1" 200 2059
2025-12-06 20:44:03 | INFO     | django.server | "GET /api/api/dashboard-data/ HTTP/1.1" 200 2059
2025-12-06 20:44:05 | INFO     | django.server | "POST /api/iot-data/ HTTP/1.1" 201 56
2025-12-06 20:44:05 | INFO     | django.server | "GET /api/api/dashboard-data/ HTTP/1.1" 200 2057
2025-12-06 20:44:06 | INFO     | django.server | "GET /api/api/dashboard-data/ HTTP/1.1" 200 2057
2025-12-06 20:44:08 | INFO     | django.server | "GET /api/api/dashboard-data/ HTTP/1.1" 200 2057
2025-12-06 20:44:09 | INFO     | django.server | "GET /api/api/dashboard-data/ HTTP/1.1" 200 2057
2025-12-06 20:44:10 | INFO     | django.server | "POST /api/iot-data/ HTTP/1.1" 201 56
2025-12-06 20:44:11 | INFO     | django.server | "GET /api/api/dashboard-data/ HTTP/1.1" 200 2053
2025-12-06 20:44:12 | INFO     | django.server | "GET /api/api/dashboard-data/ HTTP/1.1" 200 2053
2025-12-06 20:44:14 | INFO     | django.server | "GET /api/api/dashboard-data/ HTTP/1.1" 200 2053
2025-12-06 20:44:15 | INFO     | django.server | "POST /api/iot-data/ HTTP/1.1" 201 56
2025-12-06 20:44:15 | INFO     | django.server | "GET /api/api/dashboard-data/ HTTP/1.1" 200 2051
2025-12-06 20:44:17 | INFO     | django.server | "GET /api/api/dashboard-data/ HTTP/1.1" 200 2051
2025-12-06 20:44:18 | INFO     | django.server | "GET /api/api/dashboard-data/ HTTP/1.1" 200 2051
2025-12-06 20:44:20 | INFO     | django.server | "POST /api/iot-data/ HTTP/1.1" 201 56
2025-12-06 20:44:20 | INFO     | django.server | "GET /api/api/dashboard-data/ HTTP/1.1" 200 2049
2025-12-06 20:44:21 | INFO     | django.server | "GET /api/api/dashboard-data/ HTTP/1.1" 200 2049
2025-12-06 20:44:23 | INFO     | django.server | "GET /api/api/dashboard-data/ HTTP/1.1" 200 2049
2025-12-06 20:44:24 | INFO     | django.server | "GET /api/api/dashboard-data/ HTTP/1.1" 200 2049
2025-12-06 20:44:25 | INFO     | django.server | "POST /api/iot-data/ HTTP/1.1" 201 56
2025-12-06 20:44:26 | INFO     | django.server | "GET /api/api/dashboard-data/ HTTP/1.1" 200 2047
2025-12-06 20:44:27 | INFO     | django.server | "GET /api/api/dashboard-data/ HTTP/1.1" 200 2047
2025-12-06 20:44:29 | INFO     | django.server | "GET /api/api/dashboard-data/ HTTP/1.1" 200 2047
2025-12-06 20:44:30 | INFO     | django.server | "POST /api/iot-data/ HTTP/1.1" 201 56
2025-12-06 20:44:30 | INFO     | django.server | "GET /api/api/dashboard-data/ HTTP/1.1" 200 2047
2025-12-06 20:44:32 | INFO     | django.server | "GET /api/api/dashboard-data/ HTTP/1.1" 200 2047
2025-12-06 20:44:33 | INFO     | django.server | "GET /api/api/dashboard-data/ HTTP/1.1" 200 2047
2025-12-06 20:44:35 | INFO     | django.server | "POST /api/iot-data/ HTTP/1.1" 201 56
2025-12-06 20:44:35 | INFO     | django.server | "GET /api/api/dashboard-data/ HTTP/1.1" 200 2045
2025-12-06 20:44:36 | INFO     | django.server | "GET /api/api/dashboard-data/ HTTP/1.1" 200 2045
2025-12-06 20:44:38 | INFO     | django.server | "GET /api/api/dashboard-data/ HTTP/1.1" 200 2045
2025-12-06 20:44:39 | INFO     | django.server | "GET /api/api/dashboard-data/ HTTP/1.1" 200 2045
2025-12-06 20:44:40 | INFO     | django.server | "POST /api/iot-data/ HTTP/1.1" 201 56
2025-12-06 20:44:41 | INFO     | django.server | "GET /api/api/dashboard-data/ HTTP/1.1" 200 2045
2025-12-06 20:44:42 | INFO     | django.server | "GET /api/api/dashboard-data/ HTTP/1.1" 200 2045
2025-12-06 20:44:44 | INFO     | django.server | "GET /api/api/dashboard-data/ HTTP/1.1" 200 2045
2025-12-06 20:44:45 | INFO     | django.server | "POST /api/iot-data/ HTTP/1.1" 201 56
2025-12-06 20:44:45 | INFO     | django.server | "GET /api/api/dashboard-data/ HTTP/1.1" 200 2045
2025-12-06 20:44:47 | INFO     | django.server | "GET /api/api/dashboard-data/ HTTP/1.1" 200 2045
2025-12-06 20:44:48 | INFO     | django.server | "GET /api/api/dashboard-data/ HTTP/1.1" 200 2045
2025-12-06 20:44:50 | INFO     | django.server | "POST /api/iot-data/ HTTP/1.1" 201 56
2025-12-06 20:44:50 | INFO     | django.server | "GET /api/api/dashboard-data/ HTTP/1.1" 200 2045
2025-12-06 20:44:51 | INFO     | django.server | "GET /api/api/dashboard-data/ HTTP/1.1" 200 2045
2025-12-06 20:44:53 | INFO     | django.server | "GET /api/api/dashboard-data/ HTTP/1.1" 200 2045
2025-12-06 20:44:53 | INFO     | django.server | "HEAD /api/dashboard/ HTTP/1.1" 200 0
2025-12-06 20:44:54 | INFO     | django.server | "GET /api/api/dashboard-data/ HTTP/1.1" 200 2045
2025-12-06 20:44:55 | INFO     | django.server | "POST /api/iot-data/ HTTP/1.1" 201 56
2025-12-06 20:44:56 | INFO     | django.server | "GET /api/api/dashboard-data/ HTTP/1.1" 200 2045
2025-12-06 20:44:56 | INFO     | django.utils.autoreload | C:\Users\dridi\OneDrive\Desktop\horizon_connceté\nuit_info\iot\logging_config.py changed, reloading.
2025-12-06 20:44:57 | INFO     | django.utils.autoreload | Watching for file changes with StatReloader
2025-12-06 20:44:57 | INFO     | django.server | "GET /api/api/dashboard-data/ HTTP/1.1" 200 2045
2025-12-06 20:44:59 | INFO     | django.server | "GET /api/api/dashboard-data/ HTTP/1.1" 200 2045
2025-12-06 20:45:00 | INFO     | django.server | "POST /api/iot-data/ HTTP/1.1" 201 56
2025-12-06 20:45:00 | INFO     | django.server | "GET /api/api/dashboard-data/ HTTP/1.1" 200 2047
2025-12-06 20:45:02 | INFO     | django.server | "GET /api/api/dashboard-data/ HTTP/1.1" 200 2047
2025-12-06 20:45:03 | INFO     | django.server | "GET /api/api/dashboard-data/ HTTP/1.1" 200 2047
2025-12-06 20:45:05 | INFO     | django.server | "POST /api/iot-data/ HTTP/1.1" 201 56
2025-12-06 20:45:05 | INFO     | django.server | "GET /api/api/dashboard-data/ HTTP/1.1" 200 2049
2025-12-06 20:45:06 | INFO     | django.server | "GET /api/api/dashboard-data/ HTTP/1.1" 200 2049
2025-12-06 20:45:08 | INFO     | django.server | "GET /api/api/dashboard-data/ HTTP/1.1" 200 2049
2025-12-06 20:45:09 | INFO     | django.server | "GET /api/api/dashboard-data/ HTTP/1.1" 200 2049
2025-12-06 20:45:10 | INFO     | django.server | "POST /api/iot-data/ HTTP/1.1" 201 56
2025-12-06 20:45:11 | INFO     | django.server | "GET /api/api/dashboard-data/ HTTP/1.1" 200 2051
2025-12-06 20:45:12 | INFO     | django.server | "GET /api/api/dashboard-data/ HTTP/1.1" 200 2051
2025-12-06 20:45:14 | INFO     | django.server | "GET /api/api/dashboard-data/ HTTP/1.1" 200 2051
2025-12-06 20:45:15 | INFO     | django.server | "POST /api/iot-data/ HTTP/1.1" 201 56
2025-12-06 20:45:15 | INFO     | django.server | "GET /api/api/dashboard-data/ HTTP/1.1" 200 2053
2025-12-06 20:45:17 | INFO     | django.server | "GET /api/api/dashboard-data/ HTTP/1.1" 200 2053
2025-12-06 20:45:18 | INFO     | django.server | "GET /api/api/dashboard-data/ HTTP/1.1" 200 2053
2025-12-06 20:45:20 | INFO     | django.server | "POST /api/iot-data/ HTTP/1.1" 201 56
2025-12-06 20:45:20 | INFO     | django.server | "GET /api/api/dashboard-data/ HTTP/1.1" 200 2051
2025-12-06 20:45:21 | INFO     | django.server | "GET /api/api/dashboard-data/ HTTP/1.1" 200 2051
2025-12-06 20:45:23 | INFO     | django.server | "GET /api/api/dashboard-data/ HTTP/1.1" 200 2051
2025-12-06 20:45:24 | INFO     | django.server | "GET /api/api/dashboard-data/ HTTP/1.1" 200 2051
2025-12-06 20:45:25 | INFO     | django.server | "POST /api/iot-data/ HTTP/1.1" 201 56
2025-12-06 20:45:26 | INFO     | django.server | "GET /api/api/dashboard-data/ HTTP/1.1" 200 2053
2025-12-06 20:45:27 | INFO     | django.server | "GET /api/api/dashboard-data/ HTTP/1.1" 200 2053
2025-12-06 20:45:29 | INFO     | django.server | "GET /api/api/dashboard-data/ HTTP/1.1" 200 2053
2025-12-06 20:45:30 | INFO     | django.server | "POST /api/iot-data/ HTTP/1.1" 201 56
2025-12-06 20:45:30 | INFO     | django.server | "GET /api/api/dashboard-data/ HTTP/1.1" 200 2053
2025-12-06 20:45:32 | INFO     | django.server | "GET /api/api/dashboard-data/ HTTP/1.1" 200 2053
2025-12-06 20:45:33 | INFO     | django.server | "GET /api/api/dashboard-data/ HTTP/1.1" 200 2053
2025-12-06 20:45:35 | INFO     | django.server | "POST /api/iot-data/ HTTP/1.1" 201 56
2025-12-06 20:45:35 | INFO     | django.server | "GET /api/api/dashboard-data/ HTTP/1.1" 200 2053
2025-12-06 20:45:36 | INFO     | django.server | "GET /api/api/dashboard-data/ HTTP/1.1" 200 2053
2025-12-06 20:45:38 | INFO     | django.server | "GET /api/api/dashboard-data/ HTTP/1.1" 200 2053
2025-12-06 20:45:39 | INFO     | django.server | "GET /api/api/dashboard-data/ HTTP/1.1" 200 2053
2025-12-06 20:45:40 | INFO     | django.server | "POST /api/iot-data/ HTTP/1.1" 201 56
2025-12-06 20:45:41 | INFO     | django.server | "GET /api/api/dashboard-data/ HTTP/1.1" 200 2053
2025-12-06 20:45:42 | INFO     | django.server | "GET /api/api/dashboard-data/ HTTP/1.1" 200 2053
2025-12-06 20:45:45 | INFO     | django.server | "GET /api/api/dashboard-data/ HTTP/1.1" 200 2053
2025-12-06 20:45:45 | INFO     | django.server | "POST /api/iot-data/ HTTP/1.1" 201 56
2025-12-06 20:45:46 | INFO     | django.server | "GET /api/api/dashboard-data/ HTTP/1.1" 200 2051
2025-12-06 20:45:48 | INFO     | django.server | "GET /api/api/dashboard-data/ HTTP/1.1" 200 2051
2025-12-06 20:45:49 | INFO     | django.server | "GET /api/api/dashboard-data/ HTTP/1.1" 200 2051
2025-12-06 20:45:50 | INFO     | django.server | "POST /api/iot-data/ HTTP/1.1" 201 56
2025-12-06 20:45:51 | INFO     | django.server | "GET /api/api/dashboard-data/ HTTP/1.1" 200 2049
2025-12-06 20:45:52 | INFO     | django.server | "GET /api/api/dashboard-data/ HTTP/1.1" 200 2049
2025-12-06 20:45:54 | INFO     | django.server | "GET /api/api/dashboard-data/ HTTP/1.1" 200 2049
2025-12-06 20:45:54 | INFO     | django.server | "HEAD /api/dashboard/ HTTP/1.1" 200 0
2025-12-06 20:45:55 | INFO     | django.server | "GET /api/api/dashboard-data/ HTTP/1.1" 200 2049
2025-12-06 20:45:55 | INFO     | django.server | "POST /api/iot-data/ HTTP/1.1" 201 56
2025-12-06 20:45:57 | INFO     | django.server | "GET /api/api/dashboard-data/ HTTP/1.1" 200 2047
2025-12-06 20:45:58 | INFO     | django.server | "GET /api/api/dashboard-data/ HTTP/1.1" 200 2047
2025-12-06 20:46:00 | INFO     | django.server | "GET /api/api/dashboard-data/ HTTP/1.1" 200 2047
2025-12-06 20:46:00 | INFO     | django.server | "POST /api/iot-data/ HTTP/1.1" 201 56
2025-12-06 20:46:01 | INFO     | django.server | "GET /api/api/dashboard-data/ HTTP/1.1" 200 2047
2025-12-06 20:46:03 | INFO     | django.server | "GET /api/api/dashboard-data/ HTTP/1.1" 200 2047
2025-12-06 20:46:04 | INFO     | django.server | "GET /api/api/dashboard-data/ HTTP/1.1" 200 2047
2025-12-06 20:46:05 | INFO     | django.server | "POST /api/iot-data/ HTTP/1.1" 201 56
2025-12-06 20:46:06 | INFO     | django.server | "GET /api/api/dashboard-data/ HTTP/1.1" 200 2047
2025-12-06 20:46:07 | INFO     | django.server | "GET /api/api/dashboard-data/ HTTP/1.1" 200 2047
2025-12-06 20:46:09 | INFO     | django.server | "GET /api/api/dashboard-data/ HTTP/1.1" 200 2047
2025-12-06 20:46:10 | INFO     | django.server | "GET /api/api/dashboard-data/ HTTP/1.1" 200 2047
2025-12-06 20:46:10 | INFO     | django.server | "POST /api/iot-data/ HTTP/1.1" 201 56
2025-12-06 20:46:12 | INFO     | django.server | "GET /api/api/dashboard-data/ HTTP/1.1" 200 2047
2025-12-06 20:46:13 | INFO     | django.server | "GET /api/api/dashboard-data/ HTTP/1.1" 200 2047
2025-12-06 20:46:15 | INFO     | django.server | "GET /api/api/dashboard-data/ HTTP/1.1" 200 2047
2025-12-06 20:46:15 | INFO     | django.server | "POST /api/iot-data/ HTTP/1.1" 201 56
2025-12-06 20:46:16 | INFO     | django.server | "GET /api/api/dashboard-data/ HTTP/1.1" 200 2047
2025-12-06 20:46:18 | INFO     | django.server | "GET /api/api/dashboard-data/ HTTP/1.1" 200 2047
2025-12-06 20:46:19 | INFO     | django.server | "GET /api/api/dashboard-data/ HTTP/1.1" 200 2047
2025-12-06 20:46:20 | INFO     | django.server | "POST /api/iot-data/ HTTP/1.1" 201 56
2025-12-06 20:46:21 | INFO     | django.server | "GET /api/api/dashboard-data/ HTTP/1.1" 200 2047
2025-12-06 20:46:22 | INFO     | django.server | "GET /api/api/dashboard-data/ HTTP/1.1" 200 2047
2025-12-06 20:46:24 | INFO     | django.server | "GET /api/api/dashboard-data/ HTTP/1.1" 200 2047
2025-12-06 20:46:25 | INFO     | django.server | "GET /api/api/dashboard-data/ HTTP/1.1" 200 2047
2025-12-06 20:46:25 | INFO     | django.server | "POST /api/iot-data/ HTTP/1.1" 201 56
2025-12-06 20:46:27 | INFO     | django.server | "GET /api/api/dashboard-data/ HTTP/1.1" 200 2049
2025-12-06 20:46:28 | INFO     | django.server | "GET /api/api/dashboard-data/ HTTP/1.1" 200 2049
2025-12-06 20:46:30 | INFO     | django.server | "GET /api/api/dashboard-data/ HTTP/1.1" 200 2049
2025-12-06 20:46:30 | INFO     | django.server | "POST /api/iot-data/ HTTP/1.1" 201 56
2025-12-06 20:46:31 | INFO     | django.server | "GET /api/api/dashboard-data/ HTTP/1.1" 200 2051
2025-12-06 20:46:33 | INFO     | django.server | "GET /api/api/dashboard-data/ HTTP/1.1" 200 2051
2025-12-06 20:46:34 | INFO     | django.server | "GET /api/api/dashboard-data/ HTTP/1.1" 200 2051
2025-12-06 20:46:35 | INFO     | django.server | "POST /api/iot-data/ HTTP/1.1" 201 56
2025-12-06 20:46:36 | INFO     | django.server | "GET /api/api/dashboard-data/ HTTP/1.1" 200 2053
2025-12-06 20:46:37 | INFO     | django.server | "GET /api/api/dashboard-data/ HTTP/1.1" 200 2053
2025-12-06 20:46:39 | INFO     | django.server | "GET /api/api/dashboard-data/ HTTP/1.1" 200 2053
2025-12-06 20:46:40 | INFO     | django.server | "GET /api/api/dashboard-data/ HTTP/1.1" 200 2053
2025-12-06 20:46:40 | INFO     | django.server | "POST /api/iot-data/ HTTP/1.1" 201 56
2025-12-06 20:46:42 | INFO     | django.server | "GET /api/api/dashboard-data/ HTTP/1.1" 200 2057
2025-12-06 20:46:43 | INFO     | django.server | "GET /api/api/dashboard-data/ HTTP/1.1" 200 2057
2025-12-06 20:46:45 | INFO     | django.server | "POST /api/iot-data/ HTTP/1.1" 201 56
2025-12-06 20:46:50 | INFO     | django.server | "POST /api/iot-data/ HTTP/1.1" 201 56
2025-12-06 20:46:54 | INFO     | django.server | "HEAD /api/dashboard/ HTTP/1.1" 200 0
2025-12-06 20:46:55 | INFO     | django.server | "POST /api/iot-data/ HTTP/1.1" 201 56
2025-12-06 20:47:00 | INFO     | django.server | "POST /api/iot-data/ HTTP/1.1" 201 56
2025-12-06 20:47:05 | INFO     | django.server | "POST /api/iot-data/ HTTP/1.1" 201 56
2025-12-06 20:47:10 | INFO     | django.server | "POST /api/iot-data/ HTTP/1.1" 201 56
2025-12-06 20:47:14 | INFO     | django.server | "GET /api/api/dashboard-data/ HTTP/1.1" 200 2071
2025-12-06 20:47:15 | INFO     | django.server | "POST /api/iot-data/ HTTP/1.1" 201 56
2025-12-06 20:47:20 | INFO     | django.server | "POST /api/iot-data/ HTTP/1.1" 201 56
2025-12-06 20:47:25 | INFO     | django.server | "POST /api/iot-data/ HTTP/1.1" 201 56
2025-12-06 20:47:30 | INFO     | django.server | "POST /api/iot-data/ HTTP/1.1" 201 56
2025-12-06 20:47:35 | INFO     | django.server | "POST /api/iot-data/ HTTP/1.1" 201 56
2025-12-06 20:47:40 | INFO     | django.server | "POST /api/iot-data/ HTTP/1.1" 201 56
2025-12-06 20:47:45 | INFO     | django.server | "POST /api/iot-data/ HTTP/1.1" 201 56
2025-12-06 20:47:50 | INFO     | django.server | "POST /api/iot-data/ HTTP/1.1" 201 56
2025-12-06 20:47:54 | INFO     | django.server | "HEAD /api/dashboard/ HTTP/1.1" 200 0
2025-12-06 20:47:55 | INFO     | django.server | "POST /api/iot-data/ HTTP/1.1" 201 56
2025-12-06 20:48:00 | INFO     | django.server | "POST /api/iot-data/ HTTP/1.1" 201 56
2025-12-06 20:48:05 | INFO     | django.server | "POST /api/iot-data/ HTTP/1.1" 201 56
2025-12-06 20:48:10 | INFO     | django.server | "POST /api/iot-data/ HTTP/1.1" 201 56
2025-12-06 20:48:14 | INFO     | django.server | "GET /api/api/dashboard-data/ HTTP/1.1" 200 2065
2025-12-06 20:48:15 | INFO     | django.server | "POST /api/iot-data/ HTTP/1.1" 201 56
2025-12-06 20:48:20 | INFO     | django.server | "POST /api/iot-data/ HTTP/1.1" 201 56
2025-12-06 20:48:25 | INFO     | django.server | "POST /api/iot-data/ HTTP/1.1" 201 56
2025-12-06 20:48:30 | INFO     | django.server | "POST /api/iot-data/ HTTP/1.1" 201 56
2025-12-06 20:48:35 | INFO     | django.server | "POST /api/iot-data/ HTTP/1.1" 201 56
2025-12-06 20:48:40 | INFO     | django.server | "POST /api/iot-data/ HTTP/1.1" 201 56
2025-12-06 20:48:45 | INFO     | django.server | "POST /api/iot-data/ HTTP/1.1" 201 56
2025-12-06 20:48:50 | INFO     | django.server | "POST /api/iot-data/ HTTP/1.1" 201 56
2025-12-06 20:48:55 | INFO     | django.server | "POST /api/iot-data/ HTTP/1.1" 201 56
2025-12-06 20:48:57 | INFO     | django.server | "GET /api/api/dashboard-data/ HTTP/1.1" 200 2065
2025-12-06 20:48:57 | INFO     | django.server | "HEAD /api/dashboard/ HTTP/1.1" 200 0
2025-12-06 20:48:57 | INFO     | django.server | "GET /api/api/dashboard-data/ HTTP/1.1" 200 2065
2025-12-06 20:48:58 | INFO     | django.server | "GET /api/dashboard/ HTTP/1.1" 200 59892
2025-12-06 20:48:59 | INFO     | django.server | "GET /static/css/common.css HTTP/1.1" 304 0
2025-12-06 20:48:59 | INFO     | django.server | "GET /static/css/dashboard.css HTTP/1.1" 304 0
2025-12-06 20:48:59 | INFO     | django.server | "GET /static/js/utils.js HTTP/1.1" 304 0
2025-12-06 20:48:59 | INFO     | django.server | "GET /static/js/realtime-manager.js HTTP/1.1" 200 6227
2025-12-06 20:48:59 | INFO     | django.server | "GET /static/js/realtime-unified.js HTTP/1.1" 200 2822
2025-12-06 20:48:59 | INFO     | django.server | "GET /static/js/realtime-config.js HTTP/1.1" 200 1098
2025-12-06 20:48:59 | INFO     | django.server | "GET /static/js/main.js HTTP/1.1" 200 12572
2025-12-06 20:49:00 | INFO     | django.server | "POST /api/iot-data/ HTTP/1.1" 201 56
2025-12-06 20:49:03 | INFO     | django.server | "GET /api/dashboard/ HTTP/1.1" 200 59892
2025-12-06 20:49:04 | INFO     | django.server | "GET /api/dashboard/ HTTP/1.1" 200 59892
2025-12-06 20:49:04 | INFO     | django.server | "GET /static/js/main.js HTTP/1.1" 304 0
2025-12-06 20:49:05 | INFO     | django.server | "POST /api/iot-data/ HTTP/1.1" 201 56
2025-12-06 20:49:08 | INFO     | django.server | "GET /api/energy/ HTTP/1.1" 200 9543
2025-12-06 20:49:08 | INFO     | django.server | "GET /static/js/energy.js HTTP/1.1" 200 10375
2025-12-06 20:49:08 | WARNING  | django.request | Not Found: /api/energy-data/
2025-12-06 20:49:08 | WARNING  | django.server | "GET /api/energy-data/ HTTP/1.1" 404 6640
2025-12-06 20:49:09 | WARNING  | django.request | Not Found: /api/energy-data/
2025-12-06 20:49:09 | WARNING  | django.server | "GET /api/energy-data/ HTTP/1.1" 404 6640
2025-12-06 20:49:10 | INFO     | django.server | "POST /api/iot-data/ HTTP/1.1" 201 56
2025-12-06 20:49:11 | INFO     | django.server | "GET /api/energy/ HTTP/1.1" 200 9541
2025-12-06 20:49:11 | WARNING  | django.request | Not Found: /api/energy-data/
2025-12-06 20:49:11 | WARNING  | django.server | "GET /api/energy-data/ HTTP/1.1" 404 6640
2025-12-06 20:49:12 | WARNING  | django.request | Not Found: /api/energy-data/
2025-12-06 20:49:12 | WARNING  | django.server | "GET /api/energy-data/ HTTP/1.1" 404 6640
2025-12-06 20:49:14 | WARNING  | django.request | Not Found: /api/energy-data/
2025-12-06 20:49:14 | WARNING  | django.server | "GET /api/energy-data/ HTTP/1.1" 404 6640
2025-12-06 20:49:15 | INFO     | django.server | "GET /api/energy/ HTTP/1.1" 200 9541
2025-12-06 20:49:15 | INFO     | django.server | "GET /static/js/realtime-unified.js HTTP/1.1" 304 0
2025-12-06 20:49:15 | INFO     | django.server | "GET /static/js/realtime-manager.js HTTP/1.1" 304 0
2025-12-06 20:49:15 | INFO     | django.server | "GET /static/js/realtime-config.js HTTP/1.1" 304 0
2025-12-06 20:49:15 | WARNING  | django.request | Not Found: /api/energy-data/
2025-12-06 20:49:15 | WARNING  | django.server | "GET /api/energy-data/ HTTP/1.1" 404 6640
2025-12-06 20:49:15 | INFO     | django.server | "POST /api/iot-data/ HTTP/1.1" 201 56
2025-12-06 20:49:16 | WARNING  | django.request | Not Found: /api/energy-data/
2025-12-06 20:49:16 | WARNING  | django.server | "GET /api/energy-data/ HTTP/1.1" 404 6640
2025-12-06 20:49:18 | WARNING  | django.request | Not Found: /api/energy-data/
2025-12-06 20:49:18 | WARNING  | django.server | "GET /api/energy-data/ HTTP/1.1" 404 6640
2025-12-06 20:49:19 | WARNING  | django.request | Not Found: /api/energy-data/
2025-12-06 20:49:19 | WARNING  | django.server | "GET /api/energy-data/ HTTP/1.1" 404 6640
2025-12-06 20:49:20 | INFO     | django.server | "POST /api/iot-data/ HTTP/1.1" 201 56
2025-12-06 20:49:21 | WARNING  | django.request | Not Found: /api/energy-data/
2025-12-06 20:49:21 | WARNING  | django.server | "GET /api/energy-data/ HTTP/1.1" 404 6640
2025-12-06 20:49:21 | INFO     | django.server | "GET /api/dashboard/ HTTP/1.1" 200 59892
2025-12-06 20:49:21 | INFO     | django.server | "GET /static/js/main.js HTTP/1.1" 304 0
2025-12-06 20:49:23 | INFO     | django.server | "GET /api/dashboard/ HTTP/1.1" 200 59892
2025-12-06 20:49:24 | INFO     | django.server | "GET /api/dashboard/ HTTP/1.1" 200 59892
2025-12-06 20:49:25 | INFO     | django.server | "POST /api/iot-data/ HTTP/1.1" 201 56
2025-12-06 20:49:30 | INFO     | django.server | "POST /api/iot-data/ HTTP/1.1" 201 56
2025-12-06 20:49:32 | INFO     | django.server | "GET /api/hardware/ HTTP/1.1" 200 9237
2025-12-06 20:49:32 | INFO     | django.server | "GET /static/js/realtime-config.js HTTP/1.1" 200 1098
2025-12-06 20:49:32 | INFO     | django.server | "GET /static/js/realtime-manager.js HTTP/1.1" 200 6227
2025-12-06 20:49:32 | INFO     | django.server | "GET /static/js/realtime-unified.js HTTP/1.1" 200 2822
2025-12-06 20:49:32 | INFO     | django.server | "GET /static/js/hardware.js HTTP/1.1" 200 9552
2025-12-06 20:49:32 | WARNING  | django.request | Not Found: /api/hardware-data/
2025-12-06 20:49:32 | WARNING  | django.server | "GET /api/hardware-data/ HTTP/1.1" 404 6646
2025-12-06 20:49:34 | WARNING  | django.request | Not Found: /api/hardware-data/
2025-12-06 20:49:34 | WARNING  | django.server | "GET /api/hardware-data/ HTTP/1.1" 404 6646
2025-12-06 20:49:34 | INFO     | django.server | "GET /api/hardware/ HTTP/1.1" 200 9237
2025-12-06 20:49:34 | INFO     | django.server | "GET /static/js/hardware.js HTTP/1.1" 304 0
2025-12-06 20:49:34 | INFO     | django.server | "GET /static/js/realtime-manager.js HTTP/1.1" 304 0
2025-12-06 20:49:34 | INFO     | django.server | "GET /static/js/realtime-unified.js HTTP/1.1" 304 0
2025-12-06 20:49:34 | INFO     | django.server | "GET /static/js/realtime-config.js HTTP/1.1" 304 0
2025-12-06 20:49:34 | WARNING  | django.request | Not Found: /api/hardware-data/
2025-12-06 20:49:34 | WARNING  | django.server | "GET /api/hardware-data/ HTTP/1.1" 404 6646
2025-12-06 20:49:35 | INFO     | django.server | "GET /api/hardware/ HTTP/1.1" 200 9237
2025-12-06 20:49:35 | INFO     | django.server | "GET /static/js/realtime-unified.js HTTP/1.1" 304 0
2025-12-06 20:49:35 | INFO     | django.server | "GET /static/js/hardware.js HTTP/1.1" 304 0
2025-12-06 20:49:35 | INFO     | django.server | "GET /static/js/realtime-manager.js HTTP/1.1" 304 0
2025-12-06 20:49:35 | INFO     | django.server | "GET /static/js/realtime-config.js HTTP/1.1" 304 0
2025-12-06 20:49:35 | WARNING  | django.request | Not Found: /api/hardware-data/
2025-12-06 20:49:35 | WARNING  | django.server | "GET /api/hardware-data/ HTTP/1.1" 404 6646
2025-12-06 20:49:35 | INFO     | django.server | "POST /api/iot-data/ HTTP/1.1" 201 56
2025-12-06 20:49:36 | INFO     | django.server | "GET /api/hardware/ HTTP/1.1" 200 9237
2025-12-06 20:49:36 | INFO     | django.server | "GET /static/js/hardware.js HTTP/1.1" 304 0
2025-12-06 20:49:36 | INFO     | django.server | "GET /static/js/realtime-manager.js HTTP/1.1" 304 0
2025-12-06 20:49:36 | INFO     | django.server | "GET /static/js/realtime-config.js HTTP/1.1" 304 0
2025-12-06 20:49:36 | INFO     | django.server | "GET /static/js/realtime-unified.js HTTP/1.1" 304 0
2025-12-06 20:49:36 | WARNING  | django.request | Not Found: /api/hardware-data/
2025-12-06 20:49:36 | WARNING  | django.server | "GET /api/hardware-data/ HTTP/1.1" 404 6646
2025-12-06 20:49:37 | INFO     | django.server | "GET /api/hardware/ HTTP/1.1" 200 9237
2025-12-06 20:49:37 | INFO     | django.server | "GET /static/js/realtime-unified.js HTTP/1.1" 304 0
2025-12-06 20:49:37 | INFO     | django.server | "GET /static/js/realtime-manager.js HTTP/1.1" 304 0
2025-12-06 20:49:37 | INFO     | django.server | "GET /static/js/hardware.js HTTP/1.1" 304 0
2025-12-06 20:49:37 | INFO     | django.server | "GET /static/js/realtime-config.js HTTP/1.1" 304 0
2025-12-06 20:49:37 | WARNING  | django.request | Not Found: /api/hardware-data/
2025-12-06 20:49:37 | WARNING  | django.server | "GET /api/hardware-data/ HTTP/1.1" 404 6646
2025-12-06 20:49:38 | WARNING  | django.request | Not Found: /api/hardware-data/
2025-12-06 20:49:38 | WARNING  | django.server | "GET /api/hardware-data/ HTTP/1.1" 404 6646
2025-12-06 20:49:40 | WARNING  | django.request | Not Found: /api/hardware-data/
2025-12-06 20:49:40 | WARNING  | django.server | "GET /api/hardware-data/ HTTP/1.1" 404 6646
2025-12-06 20:49:40 | INFO     | django.server | "POST /api/iot-data/ HTTP/1.1" 201 56
2025-12-06 20:49:41 | WARNING  | django.request | Not Found: /api/hardware-data/
2025-12-06 20:49:41 | WARNING  | django.server | "GET /api/hardware-data/ HTTP/1.1" 404 6646
2025-12-06 20:49:43 | WARNING  | django.request | Not Found: /api/hardware-data/
2025-12-06 20:49:43 | WARNING  | django.server | "GET /api/hardware-data/ HTTP/1.1" 404 6646
2025-12-06 20:49:45 | INFO     | django.server | "POST /api/iot-data/ HTTP/1.1" 201 56
2025-12-06 20:49:46 | WARNING  | django.request | Not Found: /api/hardware-data/
2025-12-06 20:49:46 | WARNING  | django.server | "GET /api/hardware-data/ HTTP/1.1" 404 6646
2025-12-06 20:49:47 | WARNING  | django.request | Not Found: /api/hardware-data/
2025-12-06 20:49:47 | WARNING  | django.server | "GET /api/hardware-data/ HTTP/1.1" 404 6646
2025-12-06 20:49:49 | WARNING  | django.request | Not Found: /api/hardware-data/
2025-12-06 20:49:49 | WARNING  | django.server | "GET /api/hardware-data/ HTTP/1.1" 404 6646
2025-12-06 20:49:50 | WARNING  | django.request | Not Found: /api/hardware-data/
2025-12-06 20:49:50 | WARNING  | django.server | "GET /api/hardware-data/ HTTP/1.1" 404 6646
2025-12-06 20:49:50 | INFO     | django.server | "POST /api/iot-data/ HTTP/1.1" 201 56
2025-12-06 20:49:52 | WARNING  | django.request | Not Found: /api/hardware-data/
2025-12-06 20:49:52 | WARNING  | django.server | "GET /api/hardware-data/ HTTP/1.1" 404 6646
2025-12-06 20:49:55 | WARNING  | django.request | Not Found: /api/hardware-data/
2025-12-06 20:49:55 | WARNING  | django.server | "GET /api/hardware-data/ HTTP/1.1" 404 6646
2025-12-06 20:49:55 | INFO     | django.server | "POST /api/iot-data/ HTTP/1.1" 201 56
2025-12-06 20:49:56 | WARNING  | django.request | Not Found: /api/hardware-data/
2025-12-06 20:49:56 | WARNING  | django.server | "GET /api/hardware-data/ HTTP/1.1" 404 6646
2025-12-06 20:49:58 | WARNING  | django.request | Not Found: /api/hardware-data/
2025-12-06 20:49:58 | WARNING  | django.server | "GET /api/hardware-data/ HTTP/1.1" 404 6646
2025-12-06 20:49:59 | WARNING  | django.request | Not Found: /api/hardware-data/
2025-12-06 20:49:59 | WARNING  | django.server | "GET /api/hardware-data/ HTTP/1.1" 404 6646
2025-12-06 20:50:00 | INFO     | django.server | "POST /api/iot-data/ HTTP/1.1" 201 56
2025-12-06 20:50:01 | WARNING  | django.request | Not Found: /api/hardware-data/
2025-12-06 20:50:01 | WARNING  | django.server | "GET /api/hardware-data/ HTTP/1.1" 404 6646
2025-12-06 20:50:04 | WARNING  | django.request | Not Found: /api/hardware-data/
2025-12-06 20:50:04 | WARNING  | django.server | "GET /api/hardware-data/ HTTP/1.1" 404 6646
2025-12-06 20:50:05 | WARNING  | django.request | Not Found: /api/hardware-data/
2025-12-06 20:50:05 | WARNING  | django.server | "GET /api/hardware-data/ HTTP/1.1" 404 6646
2025-12-06 20:50:05 | INFO     | django.server | "POST /api/iot-data/ HTTP/1.1" 201 56
2025-12-06 20:50:07 | WARNING  | django.request | Not Found: /api/hardware-data/
2025-12-06 20:50:07 | WARNING  | django.server | "GET /api/hardware-data/ HTTP/1.1" 404 6646
2025-12-06 20:50:08 | WARNING  | django.request | Not Found: /api/hardware-data/
2025-12-06 20:50:08 | WARNING  | django.server | "GET /api/hardware-data/ HTTP/1.1" 404 6646
2025-12-06 20:50:10 | WARNING  | django.request | Not Found: /api/hardware-data/
2025-12-06 20:50:10 | WARNING  | django.server | "GET /api/hardware-data/ HTTP/1.1" 404 6646
2025-12-06 20:50:10 | INFO     | django.server | "POST /api/iot-data/ HTTP/1.1" 201 56
2025-12-06 20:50:13 | WARNING  | django.request | Not Found: /api/hardware-data/
2025-12-06 20:50:13 | WARNING  | django.server | "GET /api/hardware-data/ HTTP/1.1" 404 6646
2025-12-06 20:50:14 | WARNING  | django.request | Not Found: /api/hardware-data/
2025-12-06 20:50:14 | WARNING  | django.server | "GET /api/hardware-data/ HTTP/1.1" 404 6646
2025-12-06 20:50:15 | INFO     | django.server | "POST /api/iot-data/ HTTP/1.1" 201 56
2025-12-06 20:50:16 | WARNING  | django.request | Not Found: /api/hardware-data/
2025-12-06 20:50:16 | WARNING  | django.server | "GET /api/hardware-data/ HTTP/1.1" 404 6646
2025-12-06 20:50:17 | WARNING  | django.request | Not Found: /api/hardware-data/
2025-12-06 20:50:17 | WARNING  | django.server | "GET /api/hardware-data/ HTTP/1.1" 404 6646
2025-12-06 20:50:19 | WARNING  | django.request | Not Found: /api/hardware-data/
2025-12-06 20:50:19 | WARNING  | django.server | "GET /api/hardware-data/ HTTP/1.1" 404 6646
2025-12-06 20:50:20 | INFO     | django.server | "POST /api/iot-data/ HTTP/1.1" 201 56
2025-12-06 20:50:22 | WARNING  | django.request | Not Found: /api/hardware-data/
2025-12-06 20:50:22 | WARNING  | django.server | "GET /api/hardware-data/ HTTP/1.1" 404 6646
2025-12-06 20:50:23 | WARNING  | django.request | Not Found: /api/hardware-data/
2025-12-06 20:50:23 | WARNING  | django.server | "GET /api/hardware-data/ HTTP/1.1" 404 6646
2025-12-06 20:50:25 | WARNING  | django.request | Not Found: /api/hardware-data/
2025-12-06 20:50:25 | WARNING  | django.server | "GET /api/hardware-data/ HTTP/1.1" 404 6646
2025-12-06 20:50:25 | INFO     | django.server | "POST /api/iot-data/ HTTP/1.1" 201 56
2025-12-06 20:50:26 | WARNING  | django.request | Not Found: /api/hardware-data/
2025-12-06 20:50:26 | WARNING  | django.server | "GET /api/hardware-data/ HTTP/1.1" 404 6646
2025-12-06 20:50:28 | WARNING  | django.request | Not Found: /api/hardware-data/
2025-12-06 20:50:28 | WARNING  | django.server | "GET /api/hardware-data/ HTTP/1.1" 404 6646
2025-12-06 20:50:29 | INFO     | django.server | "GET /api/hardware/ HTTP/1.1" 200 9237
2025-12-06 20:50:29 | INFO     | django.server | "GET /static/js/realtime-manager.js HTTP/1.1" 304 0
2025-12-06 20:50:29 | INFO     | django.server | "GET /static/js/realtime-config.js HTTP/1.1" 304 0
2025-12-06 20:50:29 | INFO     | django.server | "GET /static/js/realtime-unified.js HTTP/1.1" 304 0
2025-12-06 20:50:29 | INFO     | django.server | "GET /static/js/hardware.js HTTP/1.1" 304 0
2025-12-06 20:50:29 | WARNING  | django.request | Not Found: /api/hardware-data/
2025-12-06 20:50:29 | WARNING  | django.server | "GET /api/hardware-data/ HTTP/1.1" 404 6646
2025-12-06 20:50:30 | WARNING  | django.request | Not Found: /api/hardware-data/
2025-12-06 20:50:30 | WARNING  | django.server | "GET /api/hardware-data/ HTTP/1.1" 404 6646
2025-12-06 20:50:30 | INFO     | django.server | "POST /api/iot-data/ HTTP/1.1" 201 56
2025-12-06 20:50:31 | INFO     | django.server | "GET /api/dashboard/ HTTP/1.1" 200 59892
2025-12-06 20:50:31 | INFO     | django.server | "GET /static/js/main.js HTTP/1.1" 200 12572
2025-12-06 20:50:35 | INFO     | django.server | "POST /api/iot-data/ HTTP/1.1" 201 56
2025-12-06 20:50:40 | INFO     | django.server | "POST /api/iot-data/ HTTP/1.1" 201 56
2025-12-06 20:50:45 | INFO     | django.server | "POST /api/iot-data/ HTTP/1.1" 201 56
2025-12-06 20:50:50 | INFO     | django.server | "POST /api/iot-data/ HTTP/1.1" 201 56
2025-12-06 20:50:55 | INFO     | django.server | "POST /api/iot-data/ HTTP/1.1" 201 56
2025-12-06 20:50:56 | INFO     | django.utils.autoreload | C:\Users\dridi\OneDrive\Desktop\horizon_connceté\nuit_info\iot\views.py changed, reloading.
